2025-09-13T20:40:49.463+0530 [DEBUG] [org.gradle.launcher.daemon.bootstrap.DaemonMain] Assuming the daemon was started with following jvm opts: [-XX:MaxMetaspaceSize=384m, -XX:+HeapDumpOnOutOfMemoryError, -Xms256m, -Xmx512m, -Dfile.encoding=UTF-8, -Duser.country=IN, -Duser.language=en, -Duser.variant]
2025-09-13T20:40:49.514+0530 [DEBUG] [org.gradle.internal.remote.internal.inet.InetAddresses] Adding IP addresses for network interface utun3
2025-09-13T20:40:49.514+0530 [DEBUG] [org.gradle.internal.remote.internal.inet.InetAddresses] Is this a loopback interface? false
2025-09-13T20:40:49.514+0530 [DEBUG] [org.gradle.internal.remote.internal.inet.InetAddresses] Adding remote address /fe80:0:0:0:ce81:b1c:bd2c:69e%utun3
2025-09-13T20:40:49.514+0530 [DEBUG] [org.gradle.internal.remote.internal.inet.InetAddresses] Adding IP addresses for network interface utun2
2025-09-13T20:40:49.514+0530 [DEBUG] [org.gradle.internal.remote.internal.inet.InetAddresses] Is this a loopback interface? false
2025-09-13T20:40:49.514+0530 [DEBUG] [org.gradle.internal.remote.internal.inet.InetAddresses] Adding remote address /fe80:0:0:0:9417:b0f0:dd32:8c1b%utun2
2025-09-13T20:40:49.515+0530 [DEBUG] [org.gradle.internal.remote.internal.inet.InetAddresses] Adding IP addresses for network interface utun1
2025-09-13T20:40:49.515+0530 [DEBUG] [org.gradle.internal.remote.internal.inet.InetAddresses] Is this a loopback interface? false
2025-09-13T20:40:49.515+0530 [DEBUG] [org.gradle.internal.remote.internal.inet.InetAddresses] Adding remote address /fe80:0:0:0:9471:2fb5:3b7:9b59%utun1
2025-09-13T20:40:49.515+0530 [DEBUG] [org.gradle.internal.remote.internal.inet.InetAddresses] Adding IP addresses for network interface utun0
2025-09-13T20:40:49.515+0530 [DEBUG] [org.gradle.internal.remote.internal.inet.InetAddresses] Is this a loopback interface? false
2025-09-13T20:40:49.515+0530 [DEBUG] [org.gradle.internal.remote.internal.inet.InetAddresses] Adding remote address /fe80:0:0:0:e8c0:8e34:5566:8bde%utun0
2025-09-13T20:40:49.515+0530 [DEBUG] [org.gradle.internal.remote.internal.inet.InetAddresses] Adding IP addresses for network interface llw0
2025-09-13T20:40:49.515+0530 [DEBUG] [org.gradle.internal.remote.internal.inet.InetAddresses] Is this a loopback interface? false
2025-09-13T20:40:49.515+0530 [DEBUG] [org.gradle.internal.remote.internal.inet.InetAddresses] Adding remote address /fe80:0:0:0:a5:20ff:fef6:2b2a%llw0
2025-09-13T20:40:49.515+0530 [DEBUG] [org.gradle.internal.remote.internal.inet.InetAddresses] Adding IP addresses for network interface awdl0
2025-09-13T20:40:49.515+0530 [DEBUG] [org.gradle.internal.remote.internal.inet.InetAddresses] Is this a loopback interface? false
2025-09-13T20:40:49.516+0530 [DEBUG] [org.gradle.internal.remote.internal.inet.InetAddresses] Adding remote address /fe80:0:0:0:a5:20ff:fef6:2b2a%awdl0
2025-09-13T20:40:49.516+0530 [DEBUG] [org.gradle.internal.remote.internal.inet.InetAddresses] Adding IP addresses for network interface utun4
2025-09-13T20:40:49.516+0530 [DEBUG] [org.gradle.internal.remote.internal.inet.InetAddresses] Is this a loopback interface? false
2025-09-13T20:40:49.516+0530 [DEBUG] [org.gradle.internal.remote.internal.inet.InetAddresses] Adding remote address /10.255.0.129
2025-09-13T20:40:49.516+0530 [DEBUG] [org.gradle.internal.remote.internal.inet.InetAddresses] Adding IP addresses for network interface en0
2025-09-13T20:40:49.516+0530 [DEBUG] [org.gradle.internal.remote.internal.inet.InetAddresses] Is this a loopback interface? false
2025-09-13T20:40:49.516+0530 [DEBUG] [org.gradle.internal.remote.internal.inet.InetAddresses] Adding remote address /192.168.1.4
2025-09-13T20:40:49.516+0530 [DEBUG] [org.gradle.internal.remote.internal.inet.InetAddresses] Adding IP addresses for network interface lo0
2025-09-13T20:40:49.516+0530 [DEBUG] [org.gradle.internal.remote.internal.inet.InetAddresses] Is this a loopback interface? true
2025-09-13T20:40:49.516+0530 [DEBUG] [org.gradle.internal.remote.internal.inet.InetAddresses] Ignoring remote address on loopback interface /fe80:0:0:0:0:0:0:1%lo0
2025-09-13T20:40:49.516+0530 [DEBUG] [org.gradle.internal.remote.internal.inet.InetAddresses] Adding loopback address /0:0:0:0:0:0:0:1%lo0
2025-09-13T20:40:49.516+0530 [DEBUG] [org.gradle.internal.remote.internal.inet.InetAddresses] Adding loopback address /127.0.0.1
2025-09-13T20:40:49.534+0530 [INFO] [org.gradle.launcher.daemon.server.Daemon] start() called on daemon - DefaultDaemonContext[uid=e45f74c6-48a0-4350-a77a-ea9d482697e1,javaHome=/Users/akanshs/.sdkman/candidates/java/21.0.6-amzn,javaVersion=21,javaVendor=Amazon.com Inc.,daemonRegistryDir=/Users/akanshs/Desktop/automation/Gradle-testng/gradle-repo/daemon,pid=32127,idleTimeout=10800000,priority=NORMAL,applyInstrumentationAgent=true,nativeServicesMode=ENABLED,daemonOpts=-XX:MaxMetaspaceSize=384m,-XX:+HeapDumpOnOutOfMemoryError,-Xms256m,-Xmx512m,-Dfile.encoding=UTF-8,-Duser.country=IN,-Duser.language=en,-Duser.variant]
2025-09-13T20:40:49.548+0530 [DEBUG] [org.gradle.internal.remote.internal.inet.TcpIncomingConnector] Listening on [152e6740-8025-427b-80b4-d49b142df735 port:57848, addresses:[localhost/127.0.0.1]].
2025-09-13T20:40:49.554+0530 [DEBUG] [org.gradle.launcher.daemon.server.Daemon] Daemon starting at: Sat Sep 13 20:40:49 IST 2025, with address: [152e6740-8025-427b-80b4-d49b142df735 port:57848, addresses:[localhost/127.0.0.1]]
2025-09-13T20:40:49.554+0530 [INFO] [org.gradle.launcher.daemon.server.DaemonRegistryUpdater] Advertising the daemon address to the clients: [152e6740-8025-427b-80b4-d49b142df735 port:57848, addresses:[localhost/127.0.0.1]]
2025-09-13T20:40:49.554+0530 [DEBUG] [org.gradle.launcher.daemon.server.DaemonRegistryUpdater] Advertised daemon context: DefaultDaemonContext[uid=e45f74c6-48a0-4350-a77a-ea9d482697e1,javaHome=/Users/akanshs/.sdkman/candidates/java/21.0.6-amzn,javaVersion=21,javaVendor=Amazon.com Inc.,daemonRegistryDir=/Users/akanshs/Desktop/automation/Gradle-testng/gradle-repo/daemon,pid=32127,idleTimeout=10800000,priority=NORMAL,applyInstrumentationAgent=true,nativeServicesMode=ENABLED,daemonOpts=-XX:MaxMetaspaceSize=384m,-XX:+HeapDumpOnOutOfMemoryError,-Xms256m,-Xmx512m,-Dfile.encoding=UTF-8,-Duser.country=IN,-Duser.language=en,-Duser.variant]
2025-09-13T20:40:49.555+0530 [DEBUG] [org.gradle.launcher.daemon.registry.PersistentDaemonRegistry] Storing daemon address: [152e6740-8025-427b-80b4-d49b142df735 port:57848, addresses:[localhost/127.0.0.1]], context: DefaultDaemonContext[uid=e45f74c6-48a0-4350-a77a-ea9d482697e1,javaHome=/Users/akanshs/.sdkman/candidates/java/21.0.6-amzn,javaVersion=21,javaVendor=Amazon.com Inc.,daemonRegistryDir=/Users/akanshs/Desktop/automation/Gradle-testng/gradle-repo/daemon,pid=32127,idleTimeout=10800000,priority=NORMAL,applyInstrumentationAgent=true,nativeServicesMode=ENABLED,daemonOpts=-XX:MaxMetaspaceSize=384m,-XX:+HeapDumpOnOutOfMemoryError,-Xms256m,-Xmx512m,-Dfile.encoding=UTF-8,-Duser.country=IN,-Duser.language=en,-Duser.variant]
2025-09-13T20:40:49.557+0530 [DEBUG] [org.gradle.cache.internal.DefaultFileLockManager] Waiting to acquire exclusive lock on daemon addresses registry.
2025-09-13T20:40:49.558+0530 [DEBUG] [org.gradle.cache.internal.DefaultFileLockManager] Lock acquired on daemon addresses registry.
2025-09-13T20:40:49.559+0530 [DEBUG] [org.gradle.cache.internal.DefaultFileLockManager] Releasing lock on daemon addresses registry.
2025-09-13T20:40:49.560+0530 [LIFECYCLE] [org.gradle.launcher.daemon.server.Daemon] Daemon server started.
2025-09-13T20:40:49.560+0530 [DEBUG] [org.gradle.launcher.daemon.bootstrap.DaemonStartupCommunication] Completed writing the daemon greeting. Closing streams...
2025-09-13T20:40:49.563+0530 [DEBUG] [org.gradle.launcher.daemon.server.Daemon] stopOnExpiration() called on daemon
2025-09-13T20:40:49.563+0530 [DEBUG] [org.gradle.launcher.daemon.server.Daemon] awaitExpiration() called on daemon
2025-09-13T20:40:49.563+0530 [DEBUG] [org.gradle.launcher.daemon.server.DaemonStateCoordinator] daemon is running. Sleeping until state changes.
2025-09-13T20:40:49.566+0530 [DEBUG] [org.gradle.internal.remote.internal.inet.TcpIncomingConnector] Accepted connection from /127.0.0.1:57849 to /127.0.0.1:57848.
2025-09-13T20:40:49.577+0530 [DEBUG] [org.gradle.launcher.daemon.server.SynchronizedDispatchConnection] thread 32: received class org.gradle.launcher.daemon.protocol.Build
2025-09-13T20:40:49.577+0530 [DEBUG] [org.gradle.launcher.daemon.server.DefaultDaemonConnection] thread 32: Received non-IO message from client: Build{id=711d8e82-1584-4d7e-b151-1b7f7f6b1d34, currentDir=/Users/akanshs/Desktop/automation/Gradle-testng}
2025-09-13T20:40:49.578+0530 [INFO] [org.gradle.launcher.daemon.server.DefaultIncomingConnectionHandler] Received command: Build{id=711d8e82-1584-4d7e-b151-1b7f7f6b1d34, currentDir=/Users/akanshs/Desktop/automation/Gradle-testng}.
2025-09-13T20:40:49.578+0530 [DEBUG] [org.gradle.launcher.daemon.server.DefaultIncomingConnectionHandler] Starting executing command: Build{id=711d8e82-1584-4d7e-b151-1b7f7f6b1d34, currentDir=/Users/akanshs/Desktop/automation/Gradle-testng} with connection: socket connection from /127.0.0.1:57848 to /127.0.0.1:57849.
2025-09-13T20:40:49.579+0530 [DEBUG] [org.gradle.launcher.daemon.server.DaemonStateCoordinator] Command execution: started DaemonCommandExecution[command = Build{id=711d8e82-1584-4d7e-b151-1b7f7f6b1d34, currentDir=/Users/akanshs/Desktop/automation/Gradle-testng}, connection = DefaultDaemonConnection: socket connection from /127.0.0.1:57848 to /127.0.0.1:57849] after 5.333333333333334E-4 minutes of idle
2025-09-13T20:40:49.579+0530 [INFO] [org.gradle.launcher.daemon.server.DaemonRegistryUpdater] Marking the daemon as busy, address: [152e6740-8025-427b-80b4-d49b142df735 port:57848, addresses:[localhost/127.0.0.1]]
2025-09-13T20:40:49.579+0530 [DEBUG] [org.gradle.launcher.daemon.registry.PersistentDaemonRegistry] Marking busy by address: [152e6740-8025-427b-80b4-d49b142df735 port:57848, addresses:[localhost/127.0.0.1]]
2025-09-13T20:40:49.579+0530 [DEBUG] [org.gradle.cache.internal.DefaultFileLockManager] Waiting to acquire exclusive lock on daemon addresses registry.
2025-09-13T20:40:49.579+0530 [DEBUG] [org.gradle.cache.internal.DefaultFileLockManager] Lock acquired on daemon addresses registry.
2025-09-13T20:40:49.580+0530 [DEBUG] [org.gradle.cache.internal.DefaultFileLockManager] Releasing lock on daemon addresses registry.
2025-09-13T20:40:49.580+0530 [DEBUG] [org.gradle.launcher.daemon.server.DaemonStateCoordinator] resetting idle timer
2025-09-13T20:40:49.580+0530 [DEBUG] [org.gradle.launcher.daemon.server.DaemonStateCoordinator] daemon is running. Sleeping until state changes.
2025-09-13T20:40:49.580+0530 [INFO] [org.gradle.launcher.daemon.server.exec.StartBuildOrRespondWithBusy] Daemon is about to start building Build{id=711d8e82-1584-4d7e-b151-1b7f7f6b1d34, currentDir=/Users/akanshs/Desktop/automation/Gradle-testng}. Dispatching build started information...
2025-09-13T20:40:49.581+0530 [DEBUG] [org.gradle.launcher.daemon.server.SynchronizedDispatchConnection] thread 34: dispatching org.gradle.launcher.daemon.protocol.BuildStarted@6e851491
2025-09-13T20:40:49.581+0530 [DEBUG] [org.gradle.launcher.daemon.server.exec.EstablishBuildEnvironment] Configuring env variables: [PATH, JAVA_HOME, TERM, HOMEBREW_PREFIX, COMMAND_MODE, ANDROID_HOME, SDKMAN_DIR, LOGNAME, HOMEBREW_REPOSITORY, XPC_SERVICE_NAME, PWD, INFOPATH, SDKMAN_CANDIDATES_DIR, __CFBundleIdentifier, SHELL, SDKMAN_CANDIDATES_API, SDKMAN_PLATFORM, HOMEBREW_CELLAR, USER, TMPDIR, TERMINAL_EMULATOR, SSH_AUTH_SOCK, XPC_FLAGS, __CF_USER_TEXT_ENCODING, LC_CTYPE, SHLVL, HOME]
2025-09-13T20:40:49.583+0530 [DEBUG] [org.gradle.launcher.daemon.server.exec.LogToClient] About to start relaying all logs to the client via the connection.
2025-09-13T20:40:49.583+0530 [INFO] [org.gradle.launcher.daemon.server.exec.LogToClient] The client will now receive all logging from the daemon (pid: 32127). The daemon log file: /Users/akanshs/Desktop/automation/Gradle-testng/gradle-repo/daemon/9.0.0/daemon-32127.out.log
2025-09-13T20:40:49.584+0530 [INFO] [org.gradle.launcher.daemon.server.exec.LogAndCheckHealth] Starting build in new daemon [memory: 512 MiB]
2025-09-13T20:40:49.585+0530 [DEBUG] [org.gradle.launcher.daemon.server.exec.ExecuteBuild] The daemon has started executing the build.
2025-09-13T20:40:49.586+0530 [DEBUG] [org.gradle.launcher.daemon.server.exec.ExecuteBuild] Executing build with daemon context: DefaultDaemonContext[uid=e45f74c6-48a0-4350-a77a-ea9d482697e1,javaHome=/Users/akanshs/.sdkman/candidates/java/21.0.6-amzn,javaVersion=21,javaVendor=Amazon.com Inc.,daemonRegistryDir=/Users/akanshs/Desktop/automation/Gradle-testng/gradle-repo/daemon,pid=32127,idleTimeout=10800000,priority=NORMAL,applyInstrumentationAgent=true,nativeServicesMode=ENABLED,daemonOpts=-XX:MaxMetaspaceSize=384m,-XX:+HeapDumpOnOutOfMemoryError,-Xms256m,-Xmx512m,-Dfile.encoding=UTF-8,-Duser.country=IN,-Duser.language=en,-Duser.variant]

FAILURE: Build failed with an exception.

* Where:
Build file '/Users/akanshs/Desktop/automation/Gradle-testng/build.gradle' line: 9

* What went wrong:
A problem occurred evaluating root project 'com.novohq.app'.
> Could not find method jcenter() for arguments [] on repository container of type org.gradle.api.internal.artifacts.dsl.DefaultRepositoryHandler.

* Try:
> Run with --stacktrace option to get the stack trace.
> Run with --info or --debug option to get more log output.
> Run with --scan to generate a Build Scan (Powered by Develocity).
> Get more help at https://help.gradle.org.

BUILD FAILED in 2s
2025-09-13T20:40:50.901+0530 [DEBUG] [org.gradle.launcher.daemon.server.exec.ExecuteBuild] The daemon has finished executing the build.
2025-09-13T20:40:50.904+0530 [DEBUG] [org.gradle.launcher.daemon.server.DaemonStateCoordinator] daemon is running. Sleeping until state changes.
2025-09-13T20:40:50.904+0530 [DEBUG] [org.gradle.launcher.daemon.server.DaemonStateCoordinator] Command execution: finished waiting for DaemonCommandExecution[command = Build{id=711d8e82-1584-4d7e-b151-1b7f7f6b1d34, currentDir=/Users/akanshs/Desktop/automation/Gradle-testng}, connection = DefaultDaemonConnection: socket connection from /127.0.0.1:57848 to /127.0.0.1:57849]. Result org.gradle.launcher.daemon.server.DaemonStateCoordinator@105bbd90 with state Busy
2025-09-13T20:40:50.904+0530 [DEBUG] [org.gradle.launcher.daemon.server.DaemonStateCoordinator] Command execution: completed DaemonCommandExecution[command = Build{id=711d8e82-1584-4d7e-b151-1b7f7f6b1d34, currentDir=/Users/akanshs/Desktop/automation/Gradle-testng}, connection = DefaultDaemonConnection: socket connection from /127.0.0.1:57848 to /127.0.0.1:57849]
2025-09-13T20:40:50.904+0530 [DEBUG] [org.gradle.launcher.daemon.server.DaemonStateCoordinator] resetting idle timer
2025-09-13T20:40:50.904+0530 [INFO] [org.gradle.launcher.daemon.server.DaemonRegistryUpdater] Marking the daemon as idle, address: [152e6740-8025-427b-80b4-d49b142df735 port:57848, addresses:[localhost/127.0.0.1]]
2025-09-13T20:40:50.904+0530 [DEBUG] [org.gradle.launcher.daemon.registry.PersistentDaemonRegistry] Marking busy by address: [152e6740-8025-427b-80b4-d49b142df735 port:57848, addresses:[localhost/127.0.0.1]]
2025-09-13T20:40:50.905+0530 [DEBUG] [org.gradle.cache.internal.DefaultFileLockManager] Waiting to acquire exclusive lock on daemon addresses registry.
2025-09-13T20:40:50.905+0530 [DEBUG] [org.gradle.cache.internal.DefaultFileLockManager] Lock acquired on daemon addresses registry.
2025-09-13T20:40:50.905+0530 [DEBUG] [org.gradle.cache.internal.DefaultFileLockManager] Releasing lock on daemon addresses registry.
2025-09-13T20:40:50.906+0530 [DEBUG] [org.gradle.launcher.daemon.server.DaemonStateCoordinator] daemon is running. Sleeping until state changes.
2025-09-13T20:40:50.906+0530 [DEBUG] [org.gradle.launcher.daemon.server.exec.ReturnResult] Daemon is dispatching the build result: Success[value=org.gradle.launcher.exec.BuildActionResult@3a6a0108]
2025-09-13T20:40:50.906+0530 [DEBUG] [org.gradle.launcher.daemon.server.SynchronizedDispatchConnection] thread 31: dispatching Success[value=org.gradle.launcher.exec.BuildActionResult@3a6a0108]
2025-09-13T20:40:50.910+0530 [DEBUG] [org.gradle.launcher.daemon.server.exec.CleanUpVirtualFileSystemAfterBuild] Cleaning virtual file system after build finished
2025-09-13T20:40:50.910+0530 [DEBUG] [org.gradle.launcher.daemon.server.DefaultIncomingConnectionHandler] Finishing executing command: Build{id=711d8e82-1584-4d7e-b151-1b7f7f6b1d34, currentDir=/Users/akanshs/Desktop/automation/Gradle-testng}
2025-09-13T20:40:50.923+0530 [DEBUG] [org.gradle.launcher.daemon.server.SynchronizedDispatchConnection] thread 32: received class org.gradle.launcher.daemon.protocol.CloseInput
2025-09-13T20:40:50.923+0530 [DEBUG] [org.gradle.launcher.daemon.server.DefaultDaemonConnection] thread 32: Received IO message from client: org.gradle.launcher.daemon.protocol.CloseInput@713bdd80
2025-09-13T20:40:50.923+0530 [DEBUG] [org.gradle.launcher.daemon.server.SynchronizedDispatchConnection] thread 32: received class org.gradle.launcher.daemon.protocol.Finished
2025-09-13T20:40:50.923+0530 [DEBUG] [org.gradle.launcher.daemon.server.DefaultDaemonConnection] thread 32: Received non-IO message from client: org.gradle.launcher.daemon.protocol.Finished@5c5a7a2c
2025-09-13T20:40:50.923+0530 [DEBUG] [org.gradle.launcher.daemon.server.DefaultIncomingConnectionHandler] Received finished message: org.gradle.launcher.daemon.protocol.Finished@5c5a7a2c
2025-09-13T20:40:50.923+0530 [DEBUG] [org.gradle.launcher.daemon.server.SynchronizedDispatchConnection] thread 31: stopping connection
2025-09-13T20:40:50.924+0530 [DEBUG] [org.gradle.internal.remote.internal.inet.SocketConnection] Discarding EOFException: java.io.EOFException
2025-09-13T20:40:50.924+0530 [DEBUG] [org.gradle.launcher.daemon.server.SynchronizedDispatchConnection] thread 32: received null
2025-09-13T20:40:50.924+0530 [DEBUG] [org.gradle.launcher.daemon.server.DefaultDaemonConnection] thread 32: Received end-of-input from client.
2025-09-13T20:40:50.925+0530 [DEBUG] [org.gradle.launcher.daemon.server.SynchronizedDispatchConnection] thread 31: stopping connection
2025-09-13T20:40:59.570+0530 [DEBUG] [org.gradle.cache.internal.DefaultFileLockManager] Waiting to acquire shared lock on daemon addresses registry.
2025-09-13T20:40:59.570+0530 [DEBUG] [org.gradle.cache.internal.DefaultFileLockManager] Lock acquired on daemon addresses registry.
2025-09-13T20:40:59.571+0530 [DEBUG] [org.gradle.cache.internal.DefaultFileLockManager] Releasing lock on daemon addresses registry.
2025-09-13T20:40:59.573+0530 [DEBUG] [org.gradle.cache.internal.DefaultFileLockManager] Waiting to acquire shared lock on daemon addresses registry.
2025-09-13T20:40:59.573+0530 [DEBUG] [org.gradle.cache.internal.DefaultFileLockManager] Lock acquired on daemon addresses registry.
2025-09-13T20:40:59.574+0530 [DEBUG] [org.gradle.cache.internal.DefaultFileLockManager] Releasing lock on daemon addresses registry.
2025-09-13T20:41:09.569+0530 [DEBUG] [org.gradle.cache.internal.DefaultFileLockManager] Waiting to acquire shared lock on daemon addresses registry.
2025-09-13T20:41:09.569+0530 [DEBUG] [org.gradle.cache.internal.DefaultFileLockManager] Lock acquired on daemon addresses registry.
2025-09-13T20:41:09.570+0530 [DEBUG] [org.gradle.cache.internal.DefaultFileLockManager] Releasing lock on daemon addresses registry.
2025-09-13T20:41:09.571+0530 [DEBUG] [org.gradle.cache.internal.DefaultFileLockManager] Waiting to acquire shared lock on daemon addresses registry.
2025-09-13T20:41:09.572+0530 [DEBUG] [org.gradle.cache.internal.DefaultFileLockManager] Lock acquired on daemon addresses registry.
2025-09-13T20:41:09.572+0530 [DEBUG] [org.gradle.cache.internal.DefaultFileLockManager] Releasing lock on daemon addresses registry.
2025-09-13T20:41:09.572+0530 [DEBUG] [org.gradle.cache.internal.DefaultFileLockManager] Waiting to acquire shared lock on daemon addresses registry.
2025-09-13T20:41:09.573+0530 [DEBUG] [org.gradle.cache.internal.DefaultFileLockManager] Lock acquired on daemon addresses registry.
2025-09-13T20:41:09.573+0530 [DEBUG] [org.gradle.cache.internal.DefaultFileLockManager] Releasing lock on daemon addresses registry.
2025-09-13T20:41:17.874+0530 [DEBUG] [org.gradle.internal.remote.internal.inet.TcpIncomingConnector] Accepted connection from /127.0.0.1:57854 to /127.0.0.1:57848.
2025-09-13T20:41:17.880+0530 [DEBUG] [org.gradle.launcher.daemon.server.SynchronizedDispatchConnection] thread 60: received class org.gradle.launcher.daemon.protocol.Build
2025-09-13T20:41:17.880+0530 [DEBUG] [org.gradle.launcher.daemon.server.DefaultDaemonConnection] thread 60: Received non-IO message from client: Build{id=1d9f6e61-a13c-4c55-9450-8ec5fa7c9d5b, currentDir=/Users/akanshs/Desktop/automation/Gradle-testng}
2025-09-13T20:41:17.880+0530 [INFO] [org.gradle.launcher.daemon.server.DefaultIncomingConnectionHandler] Received command: Build{id=1d9f6e61-a13c-4c55-9450-8ec5fa7c9d5b, currentDir=/Users/akanshs/Desktop/automation/Gradle-testng}.
2025-09-13T20:41:17.880+0530 [DEBUG] [org.gradle.launcher.daemon.server.DefaultIncomingConnectionHandler] Starting executing command: Build{id=1d9f6e61-a13c-4c55-9450-8ec5fa7c9d5b, currentDir=/Users/akanshs/Desktop/automation/Gradle-testng} with connection: socket connection from /127.0.0.1:57848 to /127.0.0.1:57854.
2025-09-13T20:41:17.880+0530 [DEBUG] [org.gradle.launcher.daemon.server.DaemonStateCoordinator] Command execution: started DaemonCommandExecution[command = Build{id=1d9f6e61-a13c-4c55-9450-8ec5fa7c9d5b, currentDir=/Users/akanshs/Desktop/automation/Gradle-testng}, connection = DefaultDaemonConnection: socket connection from /127.0.0.1:57848 to /127.0.0.1:57854] after 0.4496 minutes of idle
2025-09-13T20:41:17.880+0530 [INFO] [org.gradle.launcher.daemon.server.DaemonRegistryUpdater] Marking the daemon as busy, address: [152e6740-8025-427b-80b4-d49b142df735 port:57848, addresses:[localhost/127.0.0.1]]
2025-09-13T20:41:17.881+0530 [DEBUG] [org.gradle.launcher.daemon.registry.PersistentDaemonRegistry] Marking busy by address: [152e6740-8025-427b-80b4-d49b142df735 port:57848, addresses:[localhost/127.0.0.1]]
2025-09-13T20:41:17.881+0530 [DEBUG] [org.gradle.cache.internal.DefaultFileLockManager] Waiting to acquire exclusive lock on daemon addresses registry.
2025-09-13T20:41:17.881+0530 [DEBUG] [org.gradle.cache.internal.DefaultFileLockManager] Lock acquired on daemon addresses registry.
2025-09-13T20:41:17.881+0530 [DEBUG] [org.gradle.cache.internal.DefaultFileLockManager] Releasing lock on daemon addresses registry.
2025-09-13T20:41:17.881+0530 [DEBUG] [org.gradle.launcher.daemon.server.DaemonStateCoordinator] resetting idle timer
2025-09-13T20:41:17.881+0530 [DEBUG] [org.gradle.launcher.daemon.server.DaemonStateCoordinator] daemon is running. Sleeping until state changes.
2025-09-13T20:41:17.881+0530 [INFO] [org.gradle.launcher.daemon.server.exec.StartBuildOrRespondWithBusy] Daemon is about to start building Build{id=1d9f6e61-a13c-4c55-9450-8ec5fa7c9d5b, currentDir=/Users/akanshs/Desktop/automation/Gradle-testng}. Dispatching build started information...
2025-09-13T20:41:17.882+0530 [DEBUG] [org.gradle.launcher.daemon.server.SynchronizedDispatchConnection] thread 34: dispatching org.gradle.launcher.daemon.protocol.BuildStarted@2517902
2025-09-13T20:41:17.882+0530 [DEBUG] [org.gradle.launcher.daemon.server.exec.EstablishBuildEnvironment] Configuring env variables: [PATH, JAVA_HOME, TERM, HOMEBREW_PREFIX, COMMAND_MODE, ANDROID_HOME, SDKMAN_DIR, LOGNAME, HOMEBREW_REPOSITORY, XPC_SERVICE_NAME, PWD, INFOPATH, SDKMAN_CANDIDATES_DIR, __CFBundleIdentifier, SHELL, SDKMAN_CANDIDATES_API, SDKMAN_PLATFORM, HOMEBREW_CELLAR, USER, TMPDIR, TERMINAL_EMULATOR, SSH_AUTH_SOCK, XPC_FLAGS, __CF_USER_TEXT_ENCODING, LC_CTYPE, SHLVL, HOME]
2025-09-13T20:41:17.882+0530 [DEBUG] [org.gradle.launcher.daemon.server.exec.LogToClient] About to start relaying all logs to the client via the connection.
2025-09-13T20:41:17.882+0530 [INFO] [org.gradle.launcher.daemon.server.exec.LogToClient] The client will now receive all logging from the daemon (pid: 32127). The daemon log file: /Users/akanshs/Desktop/automation/Gradle-testng/gradle-repo/daemon/9.0.0/daemon-32127.out.log
2025-09-13T20:41:17.883+0530 [INFO] [org.gradle.launcher.daemon.server.exec.LogAndCheckHealth] Starting 2nd build in daemon [uptime: 28.398 secs, performance: 99%, GC rate: 0.00/s, heap usage: 4% of 512 MiB, non-heap usage: 13% of 384 MiB]
2025-09-13T20:41:17.883+0530 [DEBUG] [org.gradle.launcher.daemon.server.exec.ExecuteBuild] The daemon has started executing the build.
2025-09-13T20:41:17.883+0530 [DEBUG] [org.gradle.launcher.daemon.server.exec.ExecuteBuild] Executing build with daemon context: DefaultDaemonContext[uid=e45f74c6-48a0-4350-a77a-ea9d482697e1,javaHome=/Users/akanshs/.sdkman/candidates/java/21.0.6-amzn,javaVersion=21,javaVendor=Amazon.com Inc.,daemonRegistryDir=/Users/akanshs/Desktop/automation/Gradle-testng/gradle-repo/daemon,pid=32127,idleTimeout=10800000,priority=NORMAL,applyInstrumentationAgent=true,nativeServicesMode=ENABLED,daemonOpts=-XX:MaxMetaspaceSize=384m,-XX:+HeapDumpOnOutOfMemoryError,-Xms256m,-Xmx512m,-Dfile.encoding=UTF-8,-Duser.country=IN,-Duser.language=en,-Duser.variant]

FAILURE: Build failed with an exception.

* What went wrong:
Execution failed for task ':compileJava'.
> Could not resolve all files for configuration ':compileClasspath'.
   > Could not resolve org.seleniumhq.selenium:selenium-java:4.0.0-alpha-6.
     Required by:
         root project 'com.novohq.app'
      > No cached version of org.seleniumhq.selenium:selenium-java:4.0.0-alpha-6 available for offline mode.
      > No cached version of org.seleniumhq.selenium:selenium-java:4.0.0-alpha-6 available for offline mode.
   > Could not resolve org.seleniumhq.selenium:selenium-server:4.0.0-alpha-2.
     Required by:
         root project 'com.novohq.app'
      > No cached version of org.seleniumhq.selenium:selenium-server:4.0.0-alpha-2 available for offline mode.
      > No cached version of org.seleniumhq.selenium:selenium-server:4.0.0-alpha-2 available for offline mode.
   > Could not resolve org.seleniumhq.selenium:selenium-chrome-driver:4.0.0-alpha-5.
     Required by:
         root project 'com.novohq.app'
      > No cached version of org.seleniumhq.selenium:selenium-chrome-driver:4.0.0-alpha-5 available for offline mode.
      > No cached version of org.seleniumhq.selenium:selenium-chrome-driver:4.0.0-alpha-5 available for offline mode.
   > Could not resolve org.seleniumhq.selenium:selenium-firefox-driver:4.0.0-alpha-5.
     Required by:
         root project 'com.novohq.app'
      > No cached version of org.seleniumhq.selenium:selenium-firefox-driver:4.0.0-alpha-5 available for offline mode.
      > No cached version of org.seleniumhq.selenium:selenium-firefox-driver:4.0.0-alpha-5 available for offline mode.
   > Could not resolve org.apache.poi:poi:4.1.2.
     Required by:
         root project 'com.novohq.app'
      > No cached version of org.apache.poi:poi:4.1.2 available for offline mode.
      > No cached version of org.apache.poi:poi:4.1.2 available for offline mode.
   > Could not resolve jexcelapi:jxl:2.4.2.
     Required by:
         root project 'com.novohq.app'
      > No cached version of jexcelapi:jxl:2.4.2 available for offline mode.
      > No cached version of jexcelapi:jxl:2.4.2 available for offline mode.
   > Could not resolve com.aventstack:extentreports:5.0.4.
     Required by:
         root project 'com.novohq.app'
      > No cached version of com.aventstack:extentreports:5.0.4 available for offline mode.
      > No cached version of com.aventstack:extentreports:5.0.4 available for offline mode.
   > Could not resolve org.apache.poi:poi-ooxml:3.10-FINAL.
     Required by:
         root project 'com.novohq.app'
      > No cached version of org.apache.poi:poi-ooxml:3.10-FINAL available for offline mode.
      > No cached version of org.apache.poi:poi-ooxml:3.10-FINAL available for offline mode.
   > Could not resolve org.apache.logging.log4j:log4j-api:2.13.3.
     Required by:
         root project 'com.novohq.app'
      > No cached version of org.apache.logging.log4j:log4j-api:2.13.3 available for offline mode.
      > No cached version of org.apache.logging.log4j:log4j-api:2.13.3 available for offline mode.
   > Could not resolve org.apache.logging.log4j:log4j-core:2.13.3.
     Required by:
         root project 'com.novohq.app'
      > No cached version of org.apache.logging.log4j:log4j-core:2.13.3 available for offline mode.
      > No cached version of org.apache.logging.log4j:log4j-core:2.13.3 available for offline mode.
   > Could not resolve org.apache.commons:commons-email:1.5.
     Required by:
         root project 'com.novohq.app'
      > No cached version of org.apache.commons:commons-email:1.5 available for offline mode.
      > No cached version of org.apache.commons:commons-email:1.5 available for offline mode.
   > Could not resolve ru.yandex.qatools.ashot:ashot:1.5.4.
     Required by:
         root project 'com.novohq.app'
      > No cached version of ru.yandex.qatools.ashot:ashot:1.5.4 available for offline mode.
      > No cached version of ru.yandex.qatools.ashot:ashot:1.5.4 available for offline mode.

* Try:
> Run with --stacktrace option to get the stack trace.
> Run with --info or --debug option to get more log output.
> Run with --scan to generate a Build Scan (Powered by Develocity).
> Get more help at https://help.gradle.org.

BUILD FAILED in 677ms
1 actionable task: 1 executed
2025-09-13T20:41:18.230+0530 [DEBUG] [org.gradle.launcher.daemon.server.exec.ExecuteBuild] The daemon has finished executing the build.
2025-09-13T20:41:18.232+0530 [DEBUG] [org.gradle.launcher.daemon.server.DaemonStateCoordinator] daemon is running. Sleeping until state changes.
2025-09-13T20:41:18.232+0530 [DEBUG] [org.gradle.launcher.daemon.server.DaemonStateCoordinator] Command execution: finished waiting for DaemonCommandExecution[command = Build{id=1d9f6e61-a13c-4c55-9450-8ec5fa7c9d5b, currentDir=/Users/akanshs/Desktop/automation/Gradle-testng}, connection = DefaultDaemonConnection: socket connection from /127.0.0.1:57848 to /127.0.0.1:57854]. Result org.gradle.launcher.daemon.server.DaemonStateCoordinator@105bbd90 with state Busy
2025-09-13T20:41:18.232+0530 [DEBUG] [org.gradle.launcher.daemon.server.DaemonStateCoordinator] Command execution: completed DaemonCommandExecution[command = Build{id=1d9f6e61-a13c-4c55-9450-8ec5fa7c9d5b, currentDir=/Users/akanshs/Desktop/automation/Gradle-testng}, connection = DefaultDaemonConnection: socket connection from /127.0.0.1:57848 to /127.0.0.1:57854]
2025-09-13T20:41:18.232+0530 [DEBUG] [org.gradle.launcher.daemon.server.DaemonStateCoordinator] resetting idle timer
2025-09-13T20:41:18.232+0530 [INFO] [org.gradle.launcher.daemon.server.DaemonRegistryUpdater] Marking the daemon as idle, address: [152e6740-8025-427b-80b4-d49b142df735 port:57848, addresses:[localhost/127.0.0.1]]
2025-09-13T20:41:18.232+0530 [DEBUG] [org.gradle.launcher.daemon.registry.PersistentDaemonRegistry] Marking busy by address: [152e6740-8025-427b-80b4-d49b142df735 port:57848, addresses:[localhost/127.0.0.1]]
2025-09-13T20:41:18.232+0530 [DEBUG] [org.gradle.cache.internal.DefaultFileLockManager] Waiting to acquire exclusive lock on daemon addresses registry.
2025-09-13T20:41:18.232+0530 [DEBUG] [org.gradle.cache.internal.DefaultFileLockManager] Lock acquired on daemon addresses registry.
2025-09-13T20:41:18.232+0530 [DEBUG] [org.gradle.cache.internal.DefaultFileLockManager] Releasing lock on daemon addresses registry.
2025-09-13T20:41:18.233+0530 [DEBUG] [org.gradle.launcher.daemon.server.exec.ReturnResult] Daemon is dispatching the build result: Success[value=org.gradle.launcher.exec.BuildActionResult@532fcff]
2025-09-13T20:41:18.233+0530 [DEBUG] [org.gradle.launcher.daemon.server.DaemonStateCoordinator] daemon is running. Sleeping until state changes.
2025-09-13T20:41:18.233+0530 [DEBUG] [org.gradle.launcher.daemon.server.SynchronizedDispatchConnection] thread 31: dispatching Success[value=org.gradle.launcher.exec.BuildActionResult@532fcff]
2025-09-13T20:41:18.233+0530 [DEBUG] [org.gradle.launcher.daemon.server.exec.CleanUpVirtualFileSystemAfterBuild] Cleaning virtual file system after build finished
2025-09-13T20:41:18.233+0530 [DEBUG] [org.gradle.launcher.daemon.server.DefaultIncomingConnectionHandler] Finishing executing command: Build{id=1d9f6e61-a13c-4c55-9450-8ec5fa7c9d5b, currentDir=/Users/akanshs/Desktop/automation/Gradle-testng}
2025-09-13T20:41:18.249+0530 [DEBUG] [org.gradle.launcher.daemon.server.SynchronizedDispatchConnection] thread 60: received class org.gradle.launcher.daemon.protocol.CloseInput
2025-09-13T20:41:18.249+0530 [DEBUG] [org.gradle.launcher.daemon.server.DefaultDaemonConnection] thread 60: Received IO message from client: org.gradle.launcher.daemon.protocol.CloseInput@3bd2530a
2025-09-13T20:41:18.250+0530 [DEBUG] [org.gradle.launcher.daemon.server.SynchronizedDispatchConnection] thread 60: received class org.gradle.launcher.daemon.protocol.Finished
2025-09-13T20:41:18.250+0530 [DEBUG] [org.gradle.launcher.daemon.server.DefaultDaemonConnection] thread 60: Received non-IO message from client: org.gradle.launcher.daemon.protocol.Finished@3515aa00
2025-09-13T20:41:18.250+0530 [DEBUG] [org.gradle.launcher.daemon.server.DefaultIncomingConnectionHandler] Received finished message: org.gradle.launcher.daemon.protocol.Finished@3515aa00
2025-09-13T20:41:18.250+0530 [DEBUG] [org.gradle.launcher.daemon.server.SynchronizedDispatchConnection] thread 31: stopping connection
2025-09-13T20:41:18.250+0530 [DEBUG] [org.gradle.internal.remote.internal.inet.SocketConnection] Discarding EOFException: java.io.EOFException
2025-09-13T20:41:18.251+0530 [DEBUG] [org.gradle.launcher.daemon.server.SynchronizedDispatchConnection] thread 60: received null
2025-09-13T20:41:18.251+0530 [DEBUG] [org.gradle.launcher.daemon.server.DefaultDaemonConnection] thread 60: Received end-of-input from client.
2025-09-13T20:41:18.251+0530 [DEBUG] [org.gradle.launcher.daemon.server.SynchronizedDispatchConnection] thread 31: stopping connection
2025-09-13T20:41:19.567+0530 [DEBUG] [org.gradle.cache.internal.DefaultFileLockManager] Waiting to acquire shared lock on daemon addresses registry.
2025-09-13T20:41:19.568+0530 [DEBUG] [org.gradle.cache.internal.DefaultFileLockManager] Lock acquired on daemon addresses registry.
2025-09-13T20:41:19.568+0530 [DEBUG] [org.gradle.cache.internal.DefaultFileLockManager] Releasing lock on daemon addresses registry.
2025-09-13T20:41:19.569+0530 [DEBUG] [org.gradle.cache.internal.DefaultFileLockManager] Waiting to acquire shared lock on daemon addresses registry.
2025-09-13T20:41:19.569+0530 [DEBUG] [org.gradle.cache.internal.DefaultFileLockManager] Lock acquired on daemon addresses registry.
2025-09-13T20:41:19.570+0530 [DEBUG] [org.gradle.cache.internal.DefaultFileLockManager] Releasing lock on daemon addresses registry.
2025-09-13T20:41:29.567+0530 [DEBUG] [org.gradle.cache.internal.DefaultFileLockManager] Waiting to acquire shared lock on daemon addresses registry.
2025-09-13T20:41:29.568+0530 [DEBUG] [org.gradle.cache.internal.DefaultFileLockManager] Lock acquired on daemon addresses registry.
2025-09-13T20:41:29.569+0530 [DEBUG] [org.gradle.cache.internal.DefaultFileLockManager] Releasing lock on daemon addresses registry.
2025-09-13T20:41:29.569+0530 [DEBUG] [org.gradle.cache.internal.DefaultFileLockManager] Waiting to acquire shared lock on daemon addresses registry.
2025-09-13T20:41:29.569+0530 [DEBUG] [org.gradle.cache.internal.DefaultFileLockManager] Lock acquired on daemon addresses registry.
2025-09-13T20:41:29.570+0530 [DEBUG] [org.gradle.cache.internal.DefaultFileLockManager] Releasing lock on daemon addresses registry.
2025-09-13T20:41:29.570+0530 [DEBUG] [org.gradle.cache.internal.DefaultFileLockManager] Waiting to acquire shared lock on daemon addresses registry.
2025-09-13T20:41:29.571+0530 [DEBUG] [org.gradle.cache.internal.DefaultFileLockManager] Lock acquired on daemon addresses registry.
2025-09-13T20:41:29.571+0530 [DEBUG] [org.gradle.cache.internal.DefaultFileLockManager] Releasing lock on daemon addresses registry.
2025-09-13T20:41:39.568+0530 [DEBUG] [org.gradle.cache.internal.DefaultFileLockManager] Waiting to acquire shared lock on daemon addresses registry.
2025-09-13T20:41:39.568+0530 [DEBUG] [org.gradle.cache.internal.DefaultFileLockManager] Lock acquired on daemon addresses registry.
2025-09-13T20:41:39.568+0530 [DEBUG] [org.gradle.cache.internal.DefaultFileLockManager] Releasing lock on daemon addresses registry.
2025-09-13T20:41:39.569+0530 [DEBUG] [org.gradle.cache.internal.DefaultFileLockManager] Waiting to acquire shared lock on daemon addresses registry.
2025-09-13T20:41:39.569+0530 [DEBUG] [org.gradle.cache.internal.DefaultFileLockManager] Lock acquired on daemon addresses registry.
2025-09-13T20:41:39.570+0530 [DEBUG] [org.gradle.cache.internal.DefaultFileLockManager] Releasing lock on daemon addresses registry.
2025-09-13T20:41:39.570+0530 [DEBUG] [org.gradle.cache.internal.DefaultFileLockManager] Waiting to acquire shared lock on daemon addresses registry.
2025-09-13T20:41:39.570+0530 [DEBUG] [org.gradle.cache.internal.DefaultFileLockManager] Lock acquired on daemon addresses registry.
2025-09-13T20:41:39.571+0530 [DEBUG] [org.gradle.cache.internal.DefaultFileLockManager] Releasing lock on daemon addresses registry.
2025-09-13T20:41:49.566+0530 [DEBUG] [org.gradle.cache.internal.DefaultFileLockManager] Waiting to acquire shared lock on daemon addresses registry.
2025-09-13T20:41:49.567+0530 [DEBUG] [org.gradle.cache.internal.DefaultFileLockManager] Lock acquired on daemon addresses registry.
2025-09-13T20:41:49.568+0530 [DEBUG] [org.gradle.cache.internal.DefaultFileLockManager] Releasing lock on daemon addresses registry.
2025-09-13T20:41:49.568+0530 [DEBUG] [org.gradle.cache.internal.DefaultFileLockManager] Waiting to acquire shared lock on daemon addresses registry.
2025-09-13T20:41:49.569+0530 [DEBUG] [org.gradle.cache.internal.DefaultFileLockManager] Lock acquired on daemon addresses registry.
2025-09-13T20:41:49.569+0530 [DEBUG] [org.gradle.cache.internal.DefaultFileLockManager] Releasing lock on daemon addresses registry.
2025-09-13T20:41:49.570+0530 [DEBUG] [org.gradle.cache.internal.DefaultFileLockManager] Waiting to acquire shared lock on daemon addresses registry.
2025-09-13T20:41:49.570+0530 [DEBUG] [org.gradle.cache.internal.DefaultFileLockManager] Lock acquired on daemon addresses registry.
2025-09-13T20:41:49.571+0530 [DEBUG] [org.gradle.cache.internal.DefaultFileLockManager] Releasing lock on daemon addresses registry.
2025-09-13T20:41:59.565+0530 [DEBUG] [org.gradle.cache.internal.DefaultFileLockManager] Waiting to acquire shared lock on daemon addresses registry.
2025-09-13T20:41:59.565+0530 [DEBUG] [org.gradle.cache.internal.DefaultFileLockManager] Lock acquired on daemon addresses registry.
2025-09-13T20:41:59.566+0530 [DEBUG] [org.gradle.cache.internal.DefaultFileLockManager] Releasing lock on daemon addresses registry.
2025-09-13T20:41:59.567+0530 [DEBUG] [org.gradle.cache.internal.DefaultFileLockManager] Waiting to acquire shared lock on daemon addresses registry.
2025-09-13T20:41:59.567+0530 [DEBUG] [org.gradle.cache.internal.DefaultFileLockManager] Lock acquired on daemon addresses registry.
2025-09-13T20:41:59.567+0530 [DEBUG] [org.gradle.cache.internal.DefaultFileLockManager] Releasing lock on daemon addresses registry.
2025-09-13T20:41:59.568+0530 [DEBUG] [org.gradle.cache.internal.DefaultFileLockManager] Waiting to acquire shared lock on daemon addresses registry.
2025-09-13T20:41:59.568+0530 [DEBUG] [org.gradle.cache.internal.DefaultFileLockManager] Lock acquired on daemon addresses registry.
2025-09-13T20:41:59.568+0530 [DEBUG] [org.gradle.cache.internal.DefaultFileLockManager] Releasing lock on daemon addresses registry.
2025-09-13T20:42:09.565+0530 [DEBUG] [org.gradle.cache.internal.DefaultFileLockManager] Waiting to acquire shared lock on daemon addresses registry.
2025-09-13T20:42:09.566+0530 [DEBUG] [org.gradle.cache.internal.DefaultFileLockManager] Lock acquired on daemon addresses registry.
2025-09-13T20:42:09.566+0530 [DEBUG] [org.gradle.cache.internal.DefaultFileLockManager] Releasing lock on daemon addresses registry.
2025-09-13T20:42:09.566+0530 [DEBUG] [org.gradle.cache.internal.DefaultFileLockManager] Waiting to acquire shared lock on daemon addresses registry.
2025-09-13T20:42:09.567+0530 [DEBUG] [org.gradle.cache.internal.DefaultFileLockManager] Lock acquired on daemon addresses registry.
2025-09-13T20:42:09.567+0530 [DEBUG] [org.gradle.cache.internal.DefaultFileLockManager] Releasing lock on daemon addresses registry.
2025-09-13T20:42:09.568+0530 [DEBUG] [org.gradle.cache.internal.DefaultFileLockManager] Waiting to acquire shared lock on daemon addresses registry.
2025-09-13T20:42:09.568+0530 [DEBUG] [org.gradle.cache.internal.DefaultFileLockManager] Lock acquired on daemon addresses registry.
2025-09-13T20:42:09.568+0530 [DEBUG] [org.gradle.cache.internal.DefaultFileLockManager] Releasing lock on daemon addresses registry.
2025-09-13T20:42:19.568+0530 [DEBUG] [org.gradle.cache.internal.DefaultFileLockManager] Waiting to acquire shared lock on daemon addresses registry.
2025-09-13T20:42:19.569+0530 [DEBUG] [org.gradle.cache.internal.DefaultFileLockManager] Lock acquired on daemon addresses registry.
2025-09-13T20:42:19.569+0530 [DEBUG] [org.gradle.cache.internal.DefaultFileLockManager] Releasing lock on daemon addresses registry.
2025-09-13T20:42:19.571+0530 [DEBUG] [org.gradle.cache.internal.DefaultFileLockManager] Waiting to acquire shared lock on daemon addresses registry.
2025-09-13T20:42:19.571+0530 [DEBUG] [org.gradle.cache.internal.DefaultFileLockManager] Lock acquired on daemon addresses registry.
2025-09-13T20:42:19.572+0530 [DEBUG] [org.gradle.cache.internal.DefaultFileLockManager] Releasing lock on daemon addresses registry.
2025-09-13T20:42:19.572+0530 [DEBUG] [org.gradle.cache.internal.DefaultFileLockManager] Waiting to acquire shared lock on daemon addresses registry.
2025-09-13T20:42:19.573+0530 [DEBUG] [org.gradle.cache.internal.DefaultFileLockManager] Lock acquired on daemon addresses registry.
2025-09-13T20:42:19.573+0530 [DEBUG] [org.gradle.cache.internal.DefaultFileLockManager] Releasing lock on daemon addresses registry.
2025-09-13T20:42:29.564+0530 [DEBUG] [org.gradle.cache.internal.DefaultFileLockManager] Waiting to acquire shared lock on daemon addresses registry.
2025-09-13T20:42:29.565+0530 [DEBUG] [org.gradle.cache.internal.DefaultFileLockManager] Lock acquired on daemon addresses registry.
2025-09-13T20:42:29.566+0530 [DEBUG] [org.gradle.cache.internal.DefaultFileLockManager] Releasing lock on daemon addresses registry.
2025-09-13T20:42:29.566+0530 [DEBUG] [org.gradle.cache.internal.DefaultFileLockManager] Waiting to acquire shared lock on daemon addresses registry.
2025-09-13T20:42:29.567+0530 [DEBUG] [org.gradle.cache.internal.DefaultFileLockManager] Lock acquired on daemon addresses registry.
2025-09-13T20:42:29.567+0530 [DEBUG] [org.gradle.cache.internal.DefaultFileLockManager] Releasing lock on daemon addresses registry.
2025-09-13T20:42:29.567+0530 [DEBUG] [org.gradle.cache.internal.DefaultFileLockManager] Waiting to acquire shared lock on daemon addresses registry.
2025-09-13T20:42:29.568+0530 [DEBUG] [org.gradle.cache.internal.DefaultFileLockManager] Lock acquired on daemon addresses registry.
2025-09-13T20:42:29.568+0530 [DEBUG] [org.gradle.cache.internal.DefaultFileLockManager] Releasing lock on daemon addresses registry.
2025-09-13T20:42:32.637+0530 [DEBUG] [org.gradle.internal.remote.internal.inet.TcpIncomingConnector] Accepted connection from /127.0.0.1:57894 to /127.0.0.1:57848.
2025-09-13T20:42:32.643+0530 [DEBUG] [org.gradle.launcher.daemon.server.SynchronizedDispatchConnection] thread 85: received class org.gradle.launcher.daemon.protocol.Build
2025-09-13T20:42:32.643+0530 [DEBUG] [org.gradle.launcher.daemon.server.DefaultDaemonConnection] thread 85: Received non-IO message from client: Build{id=54d5e795-bc80-4b17-9035-48dc0a649c5e, currentDir=/Users/akanshs/Desktop/automation/Gradle-testng}
2025-09-13T20:42:32.643+0530 [INFO] [org.gradle.launcher.daemon.server.DefaultIncomingConnectionHandler] Received command: Build{id=54d5e795-bc80-4b17-9035-48dc0a649c5e, currentDir=/Users/akanshs/Desktop/automation/Gradle-testng}.
2025-09-13T20:42:32.643+0530 [DEBUG] [org.gradle.launcher.daemon.server.DefaultIncomingConnectionHandler] Starting executing command: Build{id=54d5e795-bc80-4b17-9035-48dc0a649c5e, currentDir=/Users/akanshs/Desktop/automation/Gradle-testng} with connection: socket connection from /127.0.0.1:57848 to /127.0.0.1:57894.
2025-09-13T20:42:32.643+0530 [DEBUG] [org.gradle.launcher.daemon.server.DaemonStateCoordinator] Command execution: started DaemonCommandExecution[command = Build{id=54d5e795-bc80-4b17-9035-48dc0a649c5e, currentDir=/Users/akanshs/Desktop/automation/Gradle-testng}, connection = DefaultDaemonConnection: socket connection from /127.0.0.1:57848 to /127.0.0.1:57894] after 1.2402000000000002 minutes of idle
2025-09-13T20:42:32.643+0530 [INFO] [org.gradle.launcher.daemon.server.DaemonRegistryUpdater] Marking the daemon as busy, address: [152e6740-8025-427b-80b4-d49b142df735 port:57848, addresses:[localhost/127.0.0.1]]
2025-09-13T20:42:32.643+0530 [DEBUG] [org.gradle.launcher.daemon.registry.PersistentDaemonRegistry] Marking busy by address: [152e6740-8025-427b-80b4-d49b142df735 port:57848, addresses:[localhost/127.0.0.1]]
2025-09-13T20:42:32.644+0530 [DEBUG] [org.gradle.cache.internal.DefaultFileLockManager] Waiting to acquire exclusive lock on daemon addresses registry.
2025-09-13T20:42:32.644+0530 [DEBUG] [org.gradle.cache.internal.DefaultFileLockManager] Lock acquired on daemon addresses registry.
2025-09-13T20:42:32.645+0530 [DEBUG] [org.gradle.cache.internal.DefaultFileLockManager] Releasing lock on daemon addresses registry.
2025-09-13T20:42:32.645+0530 [DEBUG] [org.gradle.launcher.daemon.server.DaemonStateCoordinator] resetting idle timer
2025-09-13T20:42:32.645+0530 [DEBUG] [org.gradle.launcher.daemon.server.DaemonStateCoordinator] daemon is running. Sleeping until state changes.
2025-09-13T20:42:32.645+0530 [INFO] [org.gradle.launcher.daemon.server.exec.StartBuildOrRespondWithBusy] Daemon is about to start building Build{id=54d5e795-bc80-4b17-9035-48dc0a649c5e, currentDir=/Users/akanshs/Desktop/automation/Gradle-testng}. Dispatching build started information...
2025-09-13T20:42:32.645+0530 [DEBUG] [org.gradle.launcher.daemon.server.SynchronizedDispatchConnection] thread 87: dispatching org.gradle.launcher.daemon.protocol.BuildStarted@df6e97b
2025-09-13T20:42:32.645+0530 [DEBUG] [org.gradle.launcher.daemon.server.exec.EstablishBuildEnvironment] Configuring env variables: [PATH, JAVA_HOME, TERM, HOMEBREW_PREFIX, COMMAND_MODE, ANDROID_HOME, SDKMAN_DIR, LOGNAME, HOMEBREW_REPOSITORY, XPC_SERVICE_NAME, PWD, INFOPATH, SDKMAN_CANDIDATES_DIR, __CFBundleIdentifier, SHELL, SDKMAN_CANDIDATES_API, SDKMAN_PLATFORM, HOMEBREW_CELLAR, USER, TMPDIR, TERMINAL_EMULATOR, SSH_AUTH_SOCK, XPC_FLAGS, __CF_USER_TEXT_ENCODING, LC_CTYPE, SHLVL, HOME]
2025-09-13T20:42:32.646+0530 [DEBUG] [org.gradle.launcher.daemon.server.exec.LogToClient] About to start relaying all logs to the client via the connection.
2025-09-13T20:42:32.646+0530 [INFO] [org.gradle.launcher.daemon.server.exec.LogToClient] The client will now receive all logging from the daemon (pid: 32127). The daemon log file: /Users/akanshs/Desktop/automation/Gradle-testng/gradle-repo/daemon/9.0.0/daemon-32127.out.log
2025-09-13T20:42:32.647+0530 [INFO] [org.gradle.launcher.daemon.server.exec.LogAndCheckHealth] Starting 3rd build in daemon [uptime: 1 mins 43.164 secs, performance: 99%, GC rate: 0.00/s, heap usage: 4% of 512 MiB, non-heap usage: 15% of 384 MiB]
2025-09-13T20:42:32.647+0530 [DEBUG] [org.gradle.launcher.daemon.server.exec.ExecuteBuild] The daemon has started executing the build.
2025-09-13T20:42:32.647+0530 [DEBUG] [org.gradle.launcher.daemon.server.exec.ExecuteBuild] Executing build with daemon context: DefaultDaemonContext[uid=e45f74c6-48a0-4350-a77a-ea9d482697e1,javaHome=/Users/akanshs/.sdkman/candidates/java/21.0.6-amzn,javaVersion=21,javaVendor=Amazon.com Inc.,daemonRegistryDir=/Users/akanshs/Desktop/automation/Gradle-testng/gradle-repo/daemon,pid=32127,idleTimeout=10800000,priority=NORMAL,applyInstrumentationAgent=true,nativeServicesMode=ENABLED,daemonOpts=-XX:MaxMetaspaceSize=384m,-XX:+HeapDumpOnOutOfMemoryError,-Xms256m,-Xmx512m,-Dfile.encoding=UTF-8,-Duser.country=IN,-Duser.language=en,-Duser.variant]

FAILURE: Build failed with an exception.

* What went wrong:
Execution failed for task ':compileJava'.
> Could not resolve all files for configuration ':compileClasspath'.
   > Could not resolve org.seleniumhq.selenium:selenium-java:4.0.0-alpha-6.
     Required by:
         root project 'com.novohq.app'
      > No cached version of org.seleniumhq.selenium:selenium-java:4.0.0-alpha-6 available for offline mode.
      > No cached version of org.seleniumhq.selenium:selenium-java:4.0.0-alpha-6 available for offline mode.
   > Could not resolve org.seleniumhq.selenium:selenium-server:4.0.0-alpha-2.
     Required by:
         root project 'com.novohq.app'
      > No cached version of org.seleniumhq.selenium:selenium-server:4.0.0-alpha-2 available for offline mode.
      > No cached version of org.seleniumhq.selenium:selenium-server:4.0.0-alpha-2 available for offline mode.
   > Could not resolve org.seleniumhq.selenium:selenium-chrome-driver:4.0.0-alpha-5.
     Required by:
         root project 'com.novohq.app'
      > No cached version of org.seleniumhq.selenium:selenium-chrome-driver:4.0.0-alpha-5 available for offline mode.
      > No cached version of org.seleniumhq.selenium:selenium-chrome-driver:4.0.0-alpha-5 available for offline mode.
   > Could not resolve org.seleniumhq.selenium:selenium-firefox-driver:4.0.0-alpha-5.
     Required by:
         root project 'com.novohq.app'
      > No cached version of org.seleniumhq.selenium:selenium-firefox-driver:4.0.0-alpha-5 available for offline mode.
      > No cached version of org.seleniumhq.selenium:selenium-firefox-driver:4.0.0-alpha-5 available for offline mode.
   > Could not resolve org.apache.poi:poi:4.1.2.
     Required by:
         root project 'com.novohq.app'
      > No cached version of org.apache.poi:poi:4.1.2 available for offline mode.
      > No cached version of org.apache.poi:poi:4.1.2 available for offline mode.
   > Could not resolve jexcelapi:jxl:2.4.2.
     Required by:
         root project 'com.novohq.app'
      > No cached version of jexcelapi:jxl:2.4.2 available for offline mode.
      > No cached version of jexcelapi:jxl:2.4.2 available for offline mode.
   > Could not resolve com.aventstack:extentreports:5.0.4.
     Required by:
         root project 'com.novohq.app'
      > No cached version of com.aventstack:extentreports:5.0.4 available for offline mode.
      > No cached version of com.aventstack:extentreports:5.0.4 available for offline mode.
   > Could not resolve org.apache.poi:poi-ooxml:3.10-FINAL.
     Required by:
         root project 'com.novohq.app'
      > No cached version of org.apache.poi:poi-ooxml:3.10-FINAL available for offline mode.
      > No cached version of org.apache.poi:poi-ooxml:3.10-FINAL available for offline mode.
   > Could not resolve org.apache.logging.log4j:log4j-api:2.13.3.
     Required by:
         root project 'com.novohq.app'
      > No cached version of org.apache.logging.log4j:log4j-api:2.13.3 available for offline mode.
      > No cached version of org.apache.logging.log4j:log4j-api:2.13.3 available for offline mode.
   > Could not resolve org.apache.logging.log4j:log4j-core:2.13.3.
     Required by:
         root project 'com.novohq.app'
      > No cached version of org.apache.logging.log4j:log4j-core:2.13.3 available for offline mode.
      > No cached version of org.apache.logging.log4j:log4j-core:2.13.3 available for offline mode.
   > Could not resolve org.apache.commons:commons-email:1.5.
     Required by:
         root project 'com.novohq.app'
      > No cached version of org.apache.commons:commons-email:1.5 available for offline mode.
      > No cached version of org.apache.commons:commons-email:1.5 available for offline mode.
   > Could not resolve ru.yandex.qatools.ashot:ashot:1.5.4.
     Required by:
         root project 'com.novohq.app'
      > No cached version of ru.yandex.qatools.ashot:ashot:1.5.4 available for offline mode.
      > No cached version of ru.yandex.qatools.ashot:ashot:1.5.4 available for offline mode.

* Try:
> Run with --stacktrace option to get the stack trace.
> Run with --info or --debug option to get more log output.
> Run with --scan to generate a Build Scan (Powered by Develocity).
> Get more help at https://help.gradle.org.

BUILD FAILED in 322ms
1 actionable task: 1 executed
2025-09-13T20:42:32.697+0530 [DEBUG] [org.gradle.launcher.daemon.server.exec.ExecuteBuild] The daemon has finished executing the build.
2025-09-13T20:42:32.698+0530 [DEBUG] [org.gradle.launcher.daemon.server.DaemonStateCoordinator] daemon is running. Sleeping until state changes.
2025-09-13T20:42:32.698+0530 [DEBUG] [org.gradle.launcher.daemon.server.DaemonStateCoordinator] Command execution: finished waiting for DaemonCommandExecution[command = Build{id=54d5e795-bc80-4b17-9035-48dc0a649c5e, currentDir=/Users/akanshs/Desktop/automation/Gradle-testng}, connection = DefaultDaemonConnection: socket connection from /127.0.0.1:57848 to /127.0.0.1:57894]. Result org.gradle.launcher.daemon.server.DaemonStateCoordinator@105bbd90 with state Busy
2025-09-13T20:42:32.698+0530 [DEBUG] [org.gradle.launcher.daemon.server.DaemonStateCoordinator] Command execution: completed DaemonCommandExecution[command = Build{id=54d5e795-bc80-4b17-9035-48dc0a649c5e, currentDir=/Users/akanshs/Desktop/automation/Gradle-testng}, connection = DefaultDaemonConnection: socket connection from /127.0.0.1:57848 to /127.0.0.1:57894]
2025-09-13T20:42:32.698+0530 [DEBUG] [org.gradle.launcher.daemon.server.DaemonStateCoordinator] resetting idle timer
2025-09-13T20:42:32.698+0530 [INFO] [org.gradle.launcher.daemon.server.DaemonRegistryUpdater] Marking the daemon as idle, address: [152e6740-8025-427b-80b4-d49b142df735 port:57848, addresses:[localhost/127.0.0.1]]
2025-09-13T20:42:32.698+0530 [DEBUG] [org.gradle.launcher.daemon.registry.PersistentDaemonRegistry] Marking busy by address: [152e6740-8025-427b-80b4-d49b142df735 port:57848, addresses:[localhost/127.0.0.1]]
2025-09-13T20:42:32.699+0530 [DEBUG] [org.gradle.cache.internal.DefaultFileLockManager] Waiting to acquire exclusive lock on daemon addresses registry.
2025-09-13T20:42:32.699+0530 [DEBUG] [org.gradle.cache.internal.DefaultFileLockManager] Lock acquired on daemon addresses registry.
2025-09-13T20:42:32.700+0530 [DEBUG] [org.gradle.cache.internal.DefaultFileLockManager] Releasing lock on daemon addresses registry.
2025-09-13T20:42:32.700+0530 [DEBUG] [org.gradle.launcher.daemon.server.exec.ReturnResult] Daemon is dispatching the build result: Success[value=org.gradle.launcher.exec.BuildActionResult@7635620c]
2025-09-13T20:42:32.700+0530 [DEBUG] [org.gradle.launcher.daemon.server.DaemonStateCoordinator] daemon is running. Sleeping until state changes.
2025-09-13T20:42:32.700+0530 [DEBUG] [org.gradle.launcher.daemon.server.SynchronizedDispatchConnection] thread 84: dispatching Success[value=org.gradle.launcher.exec.BuildActionResult@7635620c]
2025-09-13T20:42:32.702+0530 [DEBUG] [org.gradle.launcher.daemon.server.exec.CleanUpVirtualFileSystemAfterBuild] Cleaning virtual file system after build finished
2025-09-13T20:42:32.702+0530 [DEBUG] [org.gradle.launcher.daemon.server.DefaultIncomingConnectionHandler] Finishing executing command: Build{id=54d5e795-bc80-4b17-9035-48dc0a649c5e, currentDir=/Users/akanshs/Desktop/automation/Gradle-testng}
2025-09-13T20:42:32.719+0530 [DEBUG] [org.gradle.launcher.daemon.server.SynchronizedDispatchConnection] thread 85: received class org.gradle.launcher.daemon.protocol.CloseInput
2025-09-13T20:42:32.719+0530 [DEBUG] [org.gradle.launcher.daemon.server.DefaultDaemonConnection] thread 85: Received IO message from client: org.gradle.launcher.daemon.protocol.CloseInput@567f1684
2025-09-13T20:42:32.719+0530 [DEBUG] [org.gradle.launcher.daemon.server.SynchronizedDispatchConnection] thread 85: received class org.gradle.launcher.daemon.protocol.Finished
2025-09-13T20:42:32.719+0530 [DEBUG] [org.gradle.launcher.daemon.server.DefaultDaemonConnection] thread 85: Received non-IO message from client: org.gradle.launcher.daemon.protocol.Finished@58b8e23b
2025-09-13T20:42:32.719+0530 [DEBUG] [org.gradle.launcher.daemon.server.DefaultIncomingConnectionHandler] Received finished message: org.gradle.launcher.daemon.protocol.Finished@58b8e23b
2025-09-13T20:42:32.719+0530 [DEBUG] [org.gradle.launcher.daemon.server.SynchronizedDispatchConnection] thread 84: stopping connection
2025-09-13T20:42:32.719+0530 [DEBUG] [org.gradle.internal.remote.internal.inet.SocketConnection] Discarding EOFException: java.io.EOFException
2025-09-13T20:42:32.719+0530 [DEBUG] [org.gradle.launcher.daemon.server.SynchronizedDispatchConnection] thread 85: received null
2025-09-13T20:42:32.719+0530 [DEBUG] [org.gradle.launcher.daemon.server.DefaultDaemonConnection] thread 85: Received end-of-input from client.
2025-09-13T20:42:32.720+0530 [DEBUG] [org.gradle.launcher.daemon.server.SynchronizedDispatchConnection] thread 84: stopping connection
2025-09-13T20:42:39.566+0530 [DEBUG] [org.gradle.cache.internal.DefaultFileLockManager] Waiting to acquire shared lock on daemon addresses registry.
2025-09-13T20:42:39.568+0530 [DEBUG] [org.gradle.cache.internal.DefaultFileLockManager] Lock acquired on daemon addresses registry.
2025-09-13T20:42:39.568+0530 [DEBUG] [org.gradle.cache.internal.DefaultFileLockManager] Releasing lock on daemon addresses registry.
2025-09-13T20:42:39.569+0530 [DEBUG] [org.gradle.cache.internal.DefaultFileLockManager] Waiting to acquire shared lock on daemon addresses registry.
2025-09-13T20:42:39.569+0530 [DEBUG] [org.gradle.cache.internal.DefaultFileLockManager] Lock acquired on daemon addresses registry.
2025-09-13T20:42:39.570+0530 [DEBUG] [org.gradle.cache.internal.DefaultFileLockManager] Releasing lock on daemon addresses registry.
2025-09-13T20:42:49.569+0530 [DEBUG] [org.gradle.cache.internal.DefaultFileLockManager] Waiting to acquire shared lock on daemon addresses registry.
2025-09-13T20:42:49.570+0530 [DEBUG] [org.gradle.cache.internal.DefaultFileLockManager] Lock acquired on daemon addresses registry.
2025-09-13T20:42:49.570+0530 [DEBUG] [org.gradle.cache.internal.DefaultFileLockManager] Releasing lock on daemon addresses registry.
2025-09-13T20:42:49.571+0530 [DEBUG] [org.gradle.cache.internal.DefaultFileLockManager] Waiting to acquire shared lock on daemon addresses registry.
2025-09-13T20:42:49.572+0530 [DEBUG] [org.gradle.cache.internal.DefaultFileLockManager] Lock acquired on daemon addresses registry.
2025-09-13T20:42:49.572+0530 [DEBUG] [org.gradle.cache.internal.DefaultFileLockManager] Releasing lock on daemon addresses registry.
2025-09-13T20:42:49.572+0530 [DEBUG] [org.gradle.cache.internal.DefaultFileLockManager] Waiting to acquire shared lock on daemon addresses registry.
2025-09-13T20:42:49.573+0530 [DEBUG] [org.gradle.cache.internal.DefaultFileLockManager] Lock acquired on daemon addresses registry.
2025-09-13T20:42:49.573+0530 [DEBUG] [org.gradle.cache.internal.DefaultFileLockManager] Releasing lock on daemon addresses registry.
2025-09-13T20:42:59.566+0530 [DEBUG] [org.gradle.cache.internal.DefaultFileLockManager] Waiting to acquire shared lock on daemon addresses registry.
2025-09-13T20:42:59.566+0530 [DEBUG] [org.gradle.cache.internal.DefaultFileLockManager] Lock acquired on daemon addresses registry.
2025-09-13T20:42:59.566+0530 [DEBUG] [org.gradle.cache.internal.DefaultFileLockManager] Releasing lock on daemon addresses registry.
2025-09-13T20:42:59.567+0530 [DEBUG] [org.gradle.cache.internal.DefaultFileLockManager] Waiting to acquire shared lock on daemon addresses registry.
2025-09-13T20:42:59.567+0530 [DEBUG] [org.gradle.cache.internal.DefaultFileLockManager] Lock acquired on daemon addresses registry.
2025-09-13T20:42:59.567+0530 [DEBUG] [org.gradle.cache.internal.DefaultFileLockManager] Releasing lock on daemon addresses registry.
2025-09-13T20:42:59.567+0530 [DEBUG] [org.gradle.cache.internal.DefaultFileLockManager] Waiting to acquire shared lock on daemon addresses registry.
2025-09-13T20:42:59.567+0530 [DEBUG] [org.gradle.cache.internal.DefaultFileLockManager] Lock acquired on daemon addresses registry.
2025-09-13T20:42:59.567+0530 [DEBUG] [org.gradle.cache.internal.DefaultFileLockManager] Releasing lock on daemon addresses registry.
2025-09-13T20:43:03.871+0530 [DEBUG] [org.gradle.internal.remote.internal.inet.TcpIncomingConnector] Accepted connection from /127.0.0.1:57898 to /127.0.0.1:57848.
2025-09-13T20:43:03.877+0530 [DEBUG] [org.gradle.launcher.daemon.server.SynchronizedDispatchConnection] thread 109: received class org.gradle.launcher.daemon.protocol.Build
2025-09-13T20:43:03.877+0530 [DEBUG] [org.gradle.launcher.daemon.server.DefaultDaemonConnection] thread 109: Received non-IO message from client: Build{id=c8faf7a2-a5de-4c1a-b787-80daf2f814a9, currentDir=/Users/akanshs/Desktop/automation/Gradle-testng}
2025-09-13T20:43:03.877+0530 [INFO] [org.gradle.launcher.daemon.server.DefaultIncomingConnectionHandler] Received command: Build{id=c8faf7a2-a5de-4c1a-b787-80daf2f814a9, currentDir=/Users/akanshs/Desktop/automation/Gradle-testng}.
2025-09-13T20:43:03.877+0530 [DEBUG] [org.gradle.launcher.daemon.server.DefaultIncomingConnectionHandler] Starting executing command: Build{id=c8faf7a2-a5de-4c1a-b787-80daf2f814a9, currentDir=/Users/akanshs/Desktop/automation/Gradle-testng} with connection: socket connection from /127.0.0.1:57848 to /127.0.0.1:57898.
2025-09-13T20:43:03.877+0530 [DEBUG] [org.gradle.launcher.daemon.server.DaemonStateCoordinator] Command execution: started DaemonCommandExecution[command = Build{id=c8faf7a2-a5de-4c1a-b787-80daf2f814a9, currentDir=/Users/akanshs/Desktop/automation/Gradle-testng}, connection = DefaultDaemonConnection: socket connection from /127.0.0.1:57848 to /127.0.0.1:57898] after 0.51965 minutes of idle
2025-09-13T20:43:03.877+0530 [INFO] [org.gradle.launcher.daemon.server.DaemonRegistryUpdater] Marking the daemon as busy, address: [152e6740-8025-427b-80b4-d49b142df735 port:57848, addresses:[localhost/127.0.0.1]]
2025-09-13T20:43:03.877+0530 [DEBUG] [org.gradle.launcher.daemon.registry.PersistentDaemonRegistry] Marking busy by address: [152e6740-8025-427b-80b4-d49b142df735 port:57848, addresses:[localhost/127.0.0.1]]
2025-09-13T20:43:03.878+0530 [DEBUG] [org.gradle.cache.internal.DefaultFileLockManager] Waiting to acquire exclusive lock on daemon addresses registry.
2025-09-13T20:43:03.878+0530 [DEBUG] [org.gradle.cache.internal.DefaultFileLockManager] Lock acquired on daemon addresses registry.
2025-09-13T20:43:03.879+0530 [DEBUG] [org.gradle.cache.internal.DefaultFileLockManager] Releasing lock on daemon addresses registry.
2025-09-13T20:43:03.879+0530 [DEBUG] [org.gradle.launcher.daemon.server.DaemonStateCoordinator] resetting idle timer
2025-09-13T20:43:03.879+0530 [DEBUG] [org.gradle.launcher.daemon.server.DaemonStateCoordinator] daemon is running. Sleeping until state changes.
2025-09-13T20:43:03.879+0530 [INFO] [org.gradle.launcher.daemon.server.exec.StartBuildOrRespondWithBusy] Daemon is about to start building Build{id=c8faf7a2-a5de-4c1a-b787-80daf2f814a9, currentDir=/Users/akanshs/Desktop/automation/Gradle-testng}. Dispatching build started information...
2025-09-13T20:43:03.879+0530 [DEBUG] [org.gradle.launcher.daemon.server.SynchronizedDispatchConnection] thread 87: dispatching org.gradle.launcher.daemon.protocol.BuildStarted@7cf7ad3d
2025-09-13T20:43:03.879+0530 [DEBUG] [org.gradle.launcher.daemon.server.exec.EstablishBuildEnvironment] Configuring env variables: [PATH, JAVA_HOME, TERM, HOMEBREW_PREFIX, COMMAND_MODE, ANDROID_HOME, SDKMAN_DIR, LOGNAME, HOMEBREW_REPOSITORY, XPC_SERVICE_NAME, PWD, INFOPATH, SDKMAN_CANDIDATES_DIR, __CFBundleIdentifier, SHELL, SDKMAN_CANDIDATES_API, SDKMAN_PLATFORM, HOMEBREW_CELLAR, USER, TMPDIR, TERMINAL_EMULATOR, SSH_AUTH_SOCK, XPC_FLAGS, __CF_USER_TEXT_ENCODING, LC_CTYPE, SHLVL, HOME]
2025-09-13T20:43:03.880+0530 [DEBUG] [org.gradle.launcher.daemon.server.exec.LogToClient] About to start relaying all logs to the client via the connection.
2025-09-13T20:43:03.880+0530 [INFO] [org.gradle.launcher.daemon.server.exec.LogToClient] The client will now receive all logging from the daemon (pid: 32127). The daemon log file: /Users/akanshs/Desktop/automation/Gradle-testng/gradle-repo/daemon/9.0.0/daemon-32127.out.log
2025-09-13T20:43:03.881+0530 [INFO] [org.gradle.launcher.daemon.server.exec.LogAndCheckHealth] Starting 4th build in daemon [uptime: 2 mins 14.398 secs, performance: 99%, GC rate: 0.00/s, heap usage: 4% of 512 MiB, non-heap usage: 15% of 384 MiB]
2025-09-13T20:43:03.881+0530 [DEBUG] [org.gradle.launcher.daemon.server.exec.ExecuteBuild] The daemon has started executing the build.
2025-09-13T20:43:03.881+0530 [DEBUG] [org.gradle.launcher.daemon.server.exec.ExecuteBuild] Executing build with daemon context: DefaultDaemonContext[uid=e45f74c6-48a0-4350-a77a-ea9d482697e1,javaHome=/Users/akanshs/.sdkman/candidates/java/21.0.6-amzn,javaVersion=21,javaVendor=Amazon.com Inc.,daemonRegistryDir=/Users/akanshs/Desktop/automation/Gradle-testng/gradle-repo/daemon,pid=32127,idleTimeout=10800000,priority=NORMAL,applyInstrumentationAgent=true,nativeServicesMode=ENABLED,daemonOpts=-XX:MaxMetaspaceSize=384m,-XX:+HeapDumpOnOutOfMemoryError,-Xms256m,-Xmx512m,-Dfile.encoding=UTF-8,-Duser.country=IN,-Duser.language=en,-Duser.variant]

BUILD SUCCESSFUL in 22s
3 actionable tasks: 3 executed
Consider enabling configuration cache to speed up this build: https://docs.gradle.org/9.0.0/userguide/configuration_cache_enabling.html
2025-09-13T20:43:25.777+0530 [DEBUG] [org.gradle.launcher.daemon.server.exec.ExecuteBuild] The daemon has finished executing the build.
2025-09-13T20:43:25.787+0530 [DEBUG] [org.gradle.launcher.daemon.server.DaemonStateCoordinator] daemon is running. Sleeping until state changes.
2025-09-13T20:43:25.787+0530 [DEBUG] [org.gradle.launcher.daemon.server.DaemonStateCoordinator] Command execution: finished waiting for DaemonCommandExecution[command = Build{id=c8faf7a2-a5de-4c1a-b787-80daf2f814a9, currentDir=/Users/akanshs/Desktop/automation/Gradle-testng}, connection = DefaultDaemonConnection: socket connection from /127.0.0.1:57848 to /127.0.0.1:57898]. Result org.gradle.launcher.daemon.server.DaemonStateCoordinator@105bbd90 with state Busy
2025-09-13T20:43:25.787+0530 [DEBUG] [org.gradle.launcher.daemon.server.DaemonStateCoordinator] Command execution: completed DaemonCommandExecution[command = Build{id=c8faf7a2-a5de-4c1a-b787-80daf2f814a9, currentDir=/Users/akanshs/Desktop/automation/Gradle-testng}, connection = DefaultDaemonConnection: socket connection from /127.0.0.1:57848 to /127.0.0.1:57898]
2025-09-13T20:43:25.787+0530 [DEBUG] [org.gradle.launcher.daemon.server.DaemonStateCoordinator] resetting idle timer
2025-09-13T20:43:25.788+0530 [INFO] [org.gradle.launcher.daemon.server.DaemonRegistryUpdater] Marking the daemon as idle, address: [152e6740-8025-427b-80b4-d49b142df735 port:57848, addresses:[localhost/127.0.0.1]]
2025-09-13T20:43:25.788+0530 [DEBUG] [org.gradle.launcher.daemon.registry.PersistentDaemonRegistry] Marking busy by address: [152e6740-8025-427b-80b4-d49b142df735 port:57848, addresses:[localhost/127.0.0.1]]
2025-09-13T20:43:25.788+0530 [DEBUG] [org.gradle.cache.internal.DefaultFileLockManager] Waiting to acquire exclusive lock on daemon addresses registry.
2025-09-13T20:43:25.788+0530 [DEBUG] [org.gradle.cache.internal.DefaultFileLockManager] Lock acquired on daemon addresses registry.
2025-09-13T20:43:25.788+0530 [DEBUG] [org.gradle.cache.internal.DefaultFileLockManager] Releasing lock on daemon addresses registry.
2025-09-13T20:43:25.789+0530 [DEBUG] [org.gradle.launcher.daemon.server.DaemonStateCoordinator] daemon is running. Sleeping until state changes.
2025-09-13T20:43:25.789+0530 [DEBUG] [org.gradle.launcher.daemon.server.exec.ReturnResult] Daemon is dispatching the build result: Success[value=org.gradle.launcher.exec.BuildActionResult@3ce727fb]
2025-09-13T20:43:25.789+0530 [DEBUG] [org.gradle.launcher.daemon.server.SynchronizedDispatchConnection] thread 84: dispatching Success[value=org.gradle.launcher.exec.BuildActionResult@3ce727fb]
2025-09-13T20:43:25.789+0530 [DEBUG] [org.gradle.launcher.daemon.server.exec.CleanUpVirtualFileSystemAfterBuild] Cleaning virtual file system after build finished
2025-09-13T20:43:25.789+0530 [DEBUG] [org.gradle.launcher.daemon.server.DefaultIncomingConnectionHandler] Finishing executing command: Build{id=c8faf7a2-a5de-4c1a-b787-80daf2f814a9, currentDir=/Users/akanshs/Desktop/automation/Gradle-testng}
2025-09-13T20:43:25.789+0530 [DEBUG] [org.gradle.launcher.daemon.server.SynchronizedDispatchConnection] thread 109: received class org.gradle.launcher.daemon.protocol.CloseInput
2025-09-13T20:43:25.789+0530 [DEBUG] [org.gradle.launcher.daemon.server.DefaultDaemonConnection] thread 109: Received IO message from client: org.gradle.launcher.daemon.protocol.CloseInput@7ce9c39d
2025-09-13T20:43:25.790+0530 [DEBUG] [org.gradle.launcher.daemon.server.SynchronizedDispatchConnection] thread 109: received class org.gradle.launcher.daemon.protocol.Finished
2025-09-13T20:43:25.790+0530 [DEBUG] [org.gradle.launcher.daemon.server.DefaultDaemonConnection] thread 109: Received non-IO message from client: org.gradle.launcher.daemon.protocol.Finished@722e2270
2025-09-13T20:43:25.790+0530 [DEBUG] [org.gradle.launcher.daemon.server.DefaultIncomingConnectionHandler] Received finished message: org.gradle.launcher.daemon.protocol.Finished@722e2270
2025-09-13T20:43:25.790+0530 [DEBUG] [org.gradle.launcher.daemon.server.SynchronizedDispatchConnection] thread 84: stopping connection
2025-09-13T20:43:25.790+0530 [DEBUG] [org.gradle.internal.remote.internal.inet.SocketConnection] Discarding EOFException: java.io.EOFException
2025-09-13T20:43:25.790+0530 [DEBUG] [org.gradle.launcher.daemon.server.SynchronizedDispatchConnection] thread 109: received null
2025-09-13T20:43:25.790+0530 [DEBUG] [org.gradle.launcher.daemon.server.DefaultDaemonConnection] thread 109: Received end-of-input from client.
2025-09-13T20:43:25.790+0530 [DEBUG] [org.gradle.launcher.daemon.server.SynchronizedDispatchConnection] thread 84: stopping connection
2025-09-13T20:43:28.279+0530 [DEBUG] [org.gradle.internal.remote.internal.inet.TcpIncomingConnector] Accepted connection from /127.0.0.1:57920 to /127.0.0.1:57848.
2025-09-13T20:43:28.284+0530 [DEBUG] [org.gradle.launcher.daemon.server.SynchronizedDispatchConnection] thread 214: received class org.gradle.launcher.daemon.protocol.Build
2025-09-13T20:43:28.284+0530 [DEBUG] [org.gradle.launcher.daemon.server.DefaultDaemonConnection] thread 214: Received non-IO message from client: Build{id=3f75c88d-2401-40c0-a00f-478b24608355, currentDir=/Users/akanshs/Desktop/automation/Gradle-testng}
2025-09-13T20:43:28.284+0530 [INFO] [org.gradle.launcher.daemon.server.DefaultIncomingConnectionHandler] Received command: Build{id=3f75c88d-2401-40c0-a00f-478b24608355, currentDir=/Users/akanshs/Desktop/automation/Gradle-testng}.
2025-09-13T20:43:28.284+0530 [DEBUG] [org.gradle.launcher.daemon.server.DefaultIncomingConnectionHandler] Starting executing command: Build{id=3f75c88d-2401-40c0-a00f-478b24608355, currentDir=/Users/akanshs/Desktop/automation/Gradle-testng} with connection: socket connection from /127.0.0.1:57848 to /127.0.0.1:57920.
2025-09-13T20:43:28.284+0530 [DEBUG] [org.gradle.launcher.daemon.server.DaemonStateCoordinator] Command execution: started DaemonCommandExecution[command = Build{id=3f75c88d-2401-40c0-a00f-478b24608355, currentDir=/Users/akanshs/Desktop/automation/Gradle-testng}, connection = DefaultDaemonConnection: socket connection from /127.0.0.1:57848 to /127.0.0.1:57920] after 0.0416 minutes of idle
2025-09-13T20:43:28.284+0530 [INFO] [org.gradle.launcher.daemon.server.DaemonRegistryUpdater] Marking the daemon as busy, address: [152e6740-8025-427b-80b4-d49b142df735 port:57848, addresses:[localhost/127.0.0.1]]
2025-09-13T20:43:28.284+0530 [DEBUG] [org.gradle.launcher.daemon.registry.PersistentDaemonRegistry] Marking busy by address: [152e6740-8025-427b-80b4-d49b142df735 port:57848, addresses:[localhost/127.0.0.1]]
2025-09-13T20:43:28.285+0530 [DEBUG] [org.gradle.cache.internal.DefaultFileLockManager] Waiting to acquire exclusive lock on daemon addresses registry.
2025-09-13T20:43:28.285+0530 [DEBUG] [org.gradle.cache.internal.DefaultFileLockManager] Lock acquired on daemon addresses registry.
2025-09-13T20:43:28.285+0530 [DEBUG] [org.gradle.cache.internal.DefaultFileLockManager] Releasing lock on daemon addresses registry.
2025-09-13T20:43:28.285+0530 [DEBUG] [org.gradle.launcher.daemon.server.DaemonStateCoordinator] resetting idle timer
2025-09-13T20:43:28.285+0530 [DEBUG] [org.gradle.launcher.daemon.server.DaemonStateCoordinator] daemon is running. Sleeping until state changes.
2025-09-13T20:43:28.285+0530 [INFO] [org.gradle.launcher.daemon.server.exec.StartBuildOrRespondWithBusy] Daemon is about to start building Build{id=3f75c88d-2401-40c0-a00f-478b24608355, currentDir=/Users/akanshs/Desktop/automation/Gradle-testng}. Dispatching build started information...
2025-09-13T20:43:28.285+0530 [DEBUG] [org.gradle.launcher.daemon.server.SynchronizedDispatchConnection] thread 87: dispatching org.gradle.launcher.daemon.protocol.BuildStarted@2e493a58
2025-09-13T20:43:28.286+0530 [DEBUG] [org.gradle.launcher.daemon.server.exec.EstablishBuildEnvironment] Configuring env variables: [PATH, JAVA_HOME, TERM, HOMEBREW_PREFIX, COMMAND_MODE, ANDROID_HOME, SDKMAN_DIR, LOGNAME, HOMEBREW_REPOSITORY, XPC_SERVICE_NAME, PWD, INFOPATH, SDKMAN_CANDIDATES_DIR, __CFBundleIdentifier, SHELL, SDKMAN_CANDIDATES_API, SDKMAN_PLATFORM, HOMEBREW_CELLAR, USER, TMPDIR, TERMINAL_EMULATOR, SSH_AUTH_SOCK, XPC_FLAGS, __CF_USER_TEXT_ENCODING, LC_CTYPE, SHLVL, HOME]
2025-09-13T20:43:28.286+0530 [DEBUG] [org.gradle.launcher.daemon.server.exec.LogToClient] About to start relaying all logs to the client via the connection.
2025-09-13T20:43:28.286+0530 [INFO] [org.gradle.launcher.daemon.server.exec.LogToClient] The client will now receive all logging from the daemon (pid: 32127). The daemon log file: /Users/akanshs/Desktop/automation/Gradle-testng/gradle-repo/daemon/9.0.0/daemon-32127.out.log
2025-09-13T20:43:28.286+0530 [INFO] [org.gradle.launcher.daemon.server.exec.LogAndCheckHealth] Starting 5th build in daemon [uptime: 2 mins 38.804 secs, performance: 100%, GC rate: 0.00/s, heap usage: 4% of 512 MiB, non-heap usage: 18% of 384 MiB]
2025-09-13T20:43:28.286+0530 [DEBUG] [org.gradle.launcher.daemon.server.exec.ExecuteBuild] The daemon has started executing the build.
2025-09-13T20:43:28.286+0530 [DEBUG] [org.gradle.launcher.daemon.server.exec.ExecuteBuild] Executing build with daemon context: DefaultDaemonContext[uid=e45f74c6-48a0-4350-a77a-ea9d482697e1,javaHome=/Users/akanshs/.sdkman/candidates/java/21.0.6-amzn,javaVersion=21,javaVendor=Amazon.com Inc.,daemonRegistryDir=/Users/akanshs/Desktop/automation/Gradle-testng/gradle-repo/daemon,pid=32127,idleTimeout=10800000,priority=NORMAL,applyInstrumentationAgent=true,nativeServicesMode=ENABLED,daemonOpts=-XX:MaxMetaspaceSize=384m,-XX:+HeapDumpOnOutOfMemoryError,-Xms256m,-Xmx512m,-Dfile.encoding=UTF-8,-Duser.country=IN,-Duser.language=en,-Duser.variant]

BUILD SUCCESSFUL in 362ms
3 actionable tasks: 3 up-to-date
Consider enabling configuration cache to speed up this build: https://docs.gradle.org/9.0.0/userguide/configuration_cache_enabling.html
2025-09-13T20:43:28.368+0530 [DEBUG] [org.gradle.launcher.daemon.server.exec.ExecuteBuild] The daemon has finished executing the build.
2025-09-13T20:43:28.372+0530 [DEBUG] [org.gradle.launcher.daemon.server.DaemonStateCoordinator] daemon is running. Sleeping until state changes.
2025-09-13T20:43:28.372+0530 [DEBUG] [org.gradle.launcher.daemon.server.DaemonStateCoordinator] Command execution: finished waiting for DaemonCommandExecution[command = Build{id=3f75c88d-2401-40c0-a00f-478b24608355, currentDir=/Users/akanshs/Desktop/automation/Gradle-testng}, connection = DefaultDaemonConnection: socket connection from /127.0.0.1:57848 to /127.0.0.1:57920]. Result org.gradle.launcher.daemon.server.DaemonStateCoordinator@105bbd90 with state Busy
2025-09-13T20:43:28.372+0530 [DEBUG] [org.gradle.launcher.daemon.server.DaemonStateCoordinator] Command execution: completed DaemonCommandExecution[command = Build{id=3f75c88d-2401-40c0-a00f-478b24608355, currentDir=/Users/akanshs/Desktop/automation/Gradle-testng}, connection = DefaultDaemonConnection: socket connection from /127.0.0.1:57848 to /127.0.0.1:57920]
2025-09-13T20:43:28.372+0530 [DEBUG] [org.gradle.launcher.daemon.server.DaemonStateCoordinator] resetting idle timer
2025-09-13T20:43:28.372+0530 [INFO] [org.gradle.launcher.daemon.server.DaemonRegistryUpdater] Marking the daemon as idle, address: [152e6740-8025-427b-80b4-d49b142df735 port:57848, addresses:[localhost/127.0.0.1]]
2025-09-13T20:43:28.372+0530 [DEBUG] [org.gradle.launcher.daemon.registry.PersistentDaemonRegistry] Marking busy by address: [152e6740-8025-427b-80b4-d49b142df735 port:57848, addresses:[localhost/127.0.0.1]]
2025-09-13T20:43:28.372+0530 [DEBUG] [org.gradle.cache.internal.DefaultFileLockManager] Waiting to acquire exclusive lock on daemon addresses registry.
2025-09-13T20:43:28.372+0530 [DEBUG] [org.gradle.cache.internal.DefaultFileLockManager] Lock acquired on daemon addresses registry.
2025-09-13T20:43:28.373+0530 [DEBUG] [org.gradle.cache.internal.DefaultFileLockManager] Releasing lock on daemon addresses registry.
2025-09-13T20:43:28.373+0530 [DEBUG] [org.gradle.launcher.daemon.server.exec.ReturnResult] Daemon is dispatching the build result: Success[value=org.gradle.launcher.exec.BuildActionResult@6bce2fb3]
2025-09-13T20:43:28.373+0530 [DEBUG] [org.gradle.launcher.daemon.server.DaemonStateCoordinator] daemon is running. Sleeping until state changes.
2025-09-13T20:43:28.373+0530 [DEBUG] [org.gradle.launcher.daemon.server.SynchronizedDispatchConnection] thread 84: dispatching Success[value=org.gradle.launcher.exec.BuildActionResult@6bce2fb3]
2025-09-13T20:43:28.373+0530 [DEBUG] [org.gradle.launcher.daemon.server.exec.CleanUpVirtualFileSystemAfterBuild] Cleaning virtual file system after build finished
2025-09-13T20:43:28.373+0530 [DEBUG] [org.gradle.launcher.daemon.server.DefaultIncomingConnectionHandler] Finishing executing command: Build{id=3f75c88d-2401-40c0-a00f-478b24608355, currentDir=/Users/akanshs/Desktop/automation/Gradle-testng}
2025-09-13T20:43:28.376+0530 [DEBUG] [org.gradle.launcher.daemon.server.SynchronizedDispatchConnection] thread 214: received class org.gradle.launcher.daemon.protocol.CloseInput
2025-09-13T20:43:28.376+0530 [DEBUG] [org.gradle.launcher.daemon.server.DefaultDaemonConnection] thread 214: Received IO message from client: org.gradle.launcher.daemon.protocol.CloseInput@32542d22
2025-09-13T20:43:28.376+0530 [DEBUG] [org.gradle.launcher.daemon.server.SynchronizedDispatchConnection] thread 214: received class org.gradle.launcher.daemon.protocol.Finished
2025-09-13T20:43:28.376+0530 [DEBUG] [org.gradle.launcher.daemon.server.DefaultDaemonConnection] thread 214: Received non-IO message from client: org.gradle.launcher.daemon.protocol.Finished@3c93d518
2025-09-13T20:43:28.376+0530 [DEBUG] [org.gradle.launcher.daemon.server.DefaultIncomingConnectionHandler] Received finished message: org.gradle.launcher.daemon.protocol.Finished@3c93d518
2025-09-13T20:43:28.376+0530 [DEBUG] [org.gradle.launcher.daemon.server.SynchronizedDispatchConnection] thread 84: stopping connection
2025-09-13T20:43:28.376+0530 [DEBUG] [org.gradle.internal.remote.internal.inet.SocketConnection] Discarding EOFException: java.io.EOFException
2025-09-13T20:43:28.376+0530 [DEBUG] [org.gradle.launcher.daemon.server.SynchronizedDispatchConnection] thread 214: received null
2025-09-13T20:43:28.376+0530 [DEBUG] [org.gradle.launcher.daemon.server.DefaultDaemonConnection] thread 214: Received end-of-input from client.
2025-09-13T20:43:28.376+0530 [DEBUG] [org.gradle.launcher.daemon.server.SynchronizedDispatchConnection] thread 84: stopping connection
2025-09-13T20:43:29.567+0530 [DEBUG] [org.gradle.cache.internal.DefaultFileLockManager] Waiting to acquire shared lock on daemon addresses registry.
2025-09-13T20:43:29.567+0530 [DEBUG] [org.gradle.cache.internal.DefaultFileLockManager] Lock acquired on daemon addresses registry.
2025-09-13T20:43:29.568+0530 [DEBUG] [org.gradle.cache.internal.DefaultFileLockManager] Releasing lock on daemon addresses registry.
2025-09-13T20:43:29.569+0530 [DEBUG] [org.gradle.cache.internal.DefaultFileLockManager] Waiting to acquire shared lock on daemon addresses registry.
2025-09-13T20:43:29.569+0530 [DEBUG] [org.gradle.cache.internal.DefaultFileLockManager] Lock acquired on daemon addresses registry.
2025-09-13T20:43:29.570+0530 [DEBUG] [org.gradle.cache.internal.DefaultFileLockManager] Releasing lock on daemon addresses registry.
2025-09-13T20:43:39.567+0530 [DEBUG] [org.gradle.cache.internal.DefaultFileLockManager] Waiting to acquire shared lock on daemon addresses registry.
2025-09-13T20:43:39.568+0530 [DEBUG] [org.gradle.cache.internal.DefaultFileLockManager] Lock acquired on daemon addresses registry.
2025-09-13T20:43:39.568+0530 [DEBUG] [org.gradle.cache.internal.DefaultFileLockManager] Releasing lock on daemon addresses registry.
2025-09-13T20:43:39.568+0530 [DEBUG] [org.gradle.cache.internal.DefaultFileLockManager] Waiting to acquire shared lock on daemon addresses registry.
2025-09-13T20:43:39.569+0530 [DEBUG] [org.gradle.cache.internal.DefaultFileLockManager] Lock acquired on daemon addresses registry.
2025-09-13T20:43:39.569+0530 [DEBUG] [org.gradle.cache.internal.DefaultFileLockManager] Releasing lock on daemon addresses registry.
2025-09-13T20:43:39.569+0530 [DEBUG] [org.gradle.cache.internal.DefaultFileLockManager] Waiting to acquire shared lock on daemon addresses registry.
2025-09-13T20:43:39.569+0530 [DEBUG] [org.gradle.cache.internal.DefaultFileLockManager] Lock acquired on daemon addresses registry.
2025-09-13T20:43:39.569+0530 [DEBUG] [org.gradle.cache.internal.DefaultFileLockManager] Releasing lock on daemon addresses registry.
2025-09-13T20:43:49.567+0530 [DEBUG] [org.gradle.cache.internal.DefaultFileLockManager] Waiting to acquire shared lock on daemon addresses registry.
2025-09-13T20:43:49.567+0530 [DEBUG] [org.gradle.cache.internal.DefaultFileLockManager] Lock acquired on daemon addresses registry.
2025-09-13T20:43:49.568+0530 [DEBUG] [org.gradle.cache.internal.DefaultFileLockManager] Releasing lock on daemon addresses registry.
2025-09-13T20:43:49.569+0530 [DEBUG] [org.gradle.cache.internal.DefaultFileLockManager] Waiting to acquire shared lock on daemon addresses registry.
2025-09-13T20:43:49.569+0530 [DEBUG] [org.gradle.cache.internal.DefaultFileLockManager] Lock acquired on daemon addresses registry.
2025-09-13T20:43:49.569+0530 [DEBUG] [org.gradle.cache.internal.DefaultFileLockManager] Releasing lock on daemon addresses registry.
2025-09-13T20:43:49.570+0530 [DEBUG] [org.gradle.cache.internal.DefaultFileLockManager] Waiting to acquire shared lock on daemon addresses registry.
2025-09-13T20:43:49.570+0530 [DEBUG] [org.gradle.cache.internal.DefaultFileLockManager] Lock acquired on daemon addresses registry.
2025-09-13T20:43:49.570+0530 [DEBUG] [org.gradle.cache.internal.DefaultFileLockManager] Releasing lock on daemon addresses registry.
